Using pre-set license
Built from '2020.3/staging' branch; Version is '2020.3.22f1 (e1a7f79fd887) revision 14788599'; Using compiler version '192528614'; Build Type 'Release'
OS: 'Windows 10 Pro; OS build 19044.1766; Version 2009; 64bit' Language: 'no' Physical Memory: 16336 MB
BatchMode: 1, IsHumanControllingUs: 0, StartBugReporterOnCrash: 0, Is64bit: 1, IsPro: 0

COMMAND LINE ARGUMENTS:
C:\Unity Projects\2020.3.22f1\Editor\Unity.exe
-adb2
-batchMode
-noUpm
-name
AssetImportWorker0
-projectPath
C:/Unity Projects/Super-Roller-Doggos
-logFile
Logs/AssetImportWorker0.log
-srvPort
50278
Successfully changed project path to: C:/Unity Projects/Super-Roller-Doggos
C:/Unity Projects/Super-Roller-Doggos
Using Asset Import Pipeline V2.
Refreshing native plugins compatible for Editor in 126.92 ms, found 6 plugins.
Preloading 0 native plugins for Editor in 0.00 ms.
Initialize engine version: 2020.3.22f1 (e1a7f79fd887)
[Subsystems] Discovering subsystems at path C:/Unity Projects/2020.3.22f1/Editor/Data/Resources/UnitySubsystems
[Subsystems] Discovering subsystems at path C:/Unity Projects/Super-Roller-Doggos/Assets
GfxDevice: creating device client; threaded=0
Direct3D:
    Version:  Direct3D 11.0 [level 11.1]
    Renderer: NVIDIA GeForce RTX 2070 (ID=0x1f07)
    Vendor:   
    VRAM:     8031 MB
    Driver:   30.0.14.9676
Initialize mono
Mono path[0] = 'C:/Unity Projects/2020.3.22f1/Editor/Data/Managed'
Mono path[1] = 'C:/Unity Projects/2020.3.22f1/Editor/Data/MonoBleedingEdge/lib/mono/unityjit'
Mono config path = 'C:/Unity Projects/2020.3.22f1/Editor/Data/MonoBleedingEdge/etc'
Using monoOptions --debugger-agent=transport=dt_socket,embedding=1,server=y,suspend=n,address=127.0.0.1:56700
Begin MonoManager ReloadAssembly
Registering precompiled unity dll's ...
Register platform support module: C:/Unity Projects/2020.3.22f1/Editor/Data/PlaybackEngines/WebGLSupport/UnityEditor.WebGL.Extensions.dll
Register platform support module: C:/Unity Projects/2020.3.22f1/Editor/Data/PlaybackEngines/WindowsStandaloneSupport/UnityEditor.WindowsStandalone.Extensions.dll
Registered in 0.002871 seconds.
Native extension for WindowsStandalone target not found
Native extension for WebGL target not found
Refreshing native plugins compatible for Editor in 137.75 ms, found 6 plugins.
Preloading 0 native plugins for Editor in 0.00 ms.
Mono: successfully reloaded assembly
- Completed reload, in  1.157 seconds
Domain Reload Profiling:
	ReloadAssembly (1157ms)
		BeginReloadAssembly (55ms)
			ExecutionOrderSort (0ms)
			DisableScriptedObjects (0ms)
			BackupInstance (0ms)
			ReleaseScriptingObjects (0ms)
			CreateAndSetChildDomain (1ms)
		EndReloadAssembly (489ms)
			LoadAssemblies (53ms)
			RebuildTransferFunctionScriptingTraits (0ms)
			SetupTypeCache (130ms)
			ReleaseScriptCaches (0ms)
			RebuildScriptCaches (25ms)
			SetupLoadedEditorAssemblies (250ms)
				LogAssemblyErrors (0ms)
				InitializePlatformSupportModulesInManaged (4ms)
				SetLoadedEditorAssemblies (0ms)
				RefreshPlugins (138ms)
				BeforeProcessingInitializeOnLoad (13ms)
				ProcessInitializeOnLoadAttributes (72ms)
				ProcessInitializeOnLoadMethodAttributes (22ms)
				AfterProcessingInitializeOnLoad (0ms)
				EditorAssembliesLoaded (0ms)
			ExecutionOrderSort2 (0ms)
			AwakeInstancesAfterBackupRestoration (0ms)
Platform modules already initialized, skipping
Registering precompiled user dll's ...
Registered in 0.009890 seconds.
Begin MonoManager ReloadAssembly
Native extension for WindowsStandalone target not found
Native extension for WebGL target not found
Refreshing native plugins compatible for Editor in 1.57 ms, found 6 plugins.
Preloading 0 native plugins for Editor in 0.00 ms.
Mono: successfully reloaded assembly
- Completed reload, in  1.934 seconds
Domain Reload Profiling:
	ReloadAssembly (1935ms)
		BeginReloadAssembly (127ms)
			ExecutionOrderSort (0ms)
			DisableScriptedObjects (4ms)
			BackupInstance (0ms)
			ReleaseScriptingObjects (0ms)
			CreateAndSetChildDomain (15ms)
		EndReloadAssembly (1749ms)
			LoadAssemblies (86ms)
			RebuildTransferFunctionScriptingTraits (0ms)
			SetupTypeCache (292ms)
			ReleaseScriptCaches (1ms)
			RebuildScriptCaches (49ms)
			SetupLoadedEditorAssemblies (1236ms)
				LogAssemblyErrors (0ms)
				InitializePlatformSupportModulesInManaged (5ms)
				SetLoadedEditorAssemblies (0ms)
				RefreshPlugins (2ms)
				BeforeProcessingInitializeOnLoad (119ms)
				ProcessInitializeOnLoadAttributes (1008ms)
				ProcessInitializeOnLoadMethodAttributes (92ms)
				AfterProcessingInitializeOnLoad (9ms)
				EditorAssembliesLoaded (0ms)
			ExecutionOrderSort2 (0ms)
			AwakeInstancesAfterBackupRestoration (7ms)
Platform modules already initialized, skipping
========================================================================
Worker process is ready to serve import requests
Shader 'Digger/HDRP/Terrain/Lit': dependency 'BaseMapShader' shader 'Hidden/HDRP/TerrainLit_Basemap' not found
Shader 'Digger/HDRP/Terrain/Lit': dependency 'BaseMapGenShader' shader 'Hidden/HDRP/TerrainLit_BasemapGen' not found
Shader 'Digger/URP/Mesh-Pass2': fallback shader 'Hidden/Universal Render Pipeline/FallbackError' not found
Shader 'Digger/URP/Terrain/Lit (Add Pass)': fallback shader 'Hidden/Universal Render Pipeline/FallbackError' not found
Shader 'Digger/URP/Mesh-Pass0': fallback shader 'Hidden/Universal Render Pipeline/FallbackError' not found
Shader 'Digger/URP/Mesh-Pass0': dependency 'TerrainShader' shader 'Universal Render Pipeline/Terrain/Lit' not found
Shader 'Digger/URP/Mesh-Pass0': dependency 'AddPassShader' shader 'Hidden/Universal Render Pipeline/Terrain/Lit (Add Pass)' not found
Shader 'Digger/URP/Mesh-Pass0': dependency 'BaseMapShader' shader 'Hidden/Universal Render Pipeline/Terrain/Lit (Base Pass)' not found
Shader 'Digger/URP/Mesh-Pass0': dependency 'BaseMapGenShader' shader 'Hidden/Universal Render Pipeline/Terrain/Lit (Basemap Gen)' not found
Shader 'Digger/HDRP/Mesh/Lit': dependency 'BaseMapShader' shader 'Hidden/HDRP/TerrainLit_Basemap' not found
Shader 'Digger/HDRP/Mesh/Lit': dependency 'BaseMapGenShader' shader 'Hidden/HDRP/TerrainLit_BasemapGen' not found
Shader 'Hidden/Digger/URP/Terrain/Lit (Base Pass)': fallback shader 'Hidden/Universal Render Pipeline/FallbackError' not found
WARNING: Shader Unsupported: 'Hidden/Digger/URP/Terrain/Lit (Base Pass)' - All subshaders removed
WARNING: Shader Did you use #pragma only_renderers and omit this platform?
WARNING: Shader If subshaders removal was intentional, you may have forgotten turning Fallback off?
WARNING: Shader Unsupported: 'Hidden/Digger/URP/Terrain/Lit (Base Pass)' - All subshaders removed
WARNING: Shader Did you use #pragma only_renderers and omit this platform?
WARNING: Shader If subshaders removal was intentional, you may have forgotten turning Fallback off?
Shader 'Digger/URP/Terrain/Lit': fallback shader 'Hidden/Universal Render Pipeline/FallbackError' not found
Shader 'Digger/URP/Terrain/Lit': dependency 'BaseMapShader' shader 'Digger/URP/Terrain/Lit (Base Pass)' not found
Shader 'Digger/URP/Terrain/Lit': dependency 'BaseMapGenShader' shader 'Hidden/Universal Render Pipeline/Terrain/Lit (Basemap Gen)' not found
Shader 'Digger/URP/Mesh-Pass1': fallback shader 'Hidden/Universal Render Pipeline/FallbackError' not found
Shader 'Digger/URP/Mesh-Pass3': fallback shader 'Hidden/Universal Render Pipeline/FallbackError' not found
Shader 'Digger/HDRP/Mesh/Lit': dependency 'BaseMapShader' shader 'Hidden/HDRP/TerrainLit_Basemap' not found
Shader 'Digger/HDRP/Mesh/Lit': dependency 'BaseMapGenShader' shader 'Hidden/HDRP/TerrainLit_BasemapGen' not found
Shader 'Digger/URP/Mesh-Pass2': fallback shader 'Hidden/Universal Render Pipeline/FallbackError' not found
Shader 'Digger/URP/Terrain/Lit (Add Pass)': fallback shader 'Hidden/Universal Render Pipeline/FallbackError' not found
Shader 'Digger/URP/Terrain/Lit': fallback shader 'Hidden/Universal Render Pipeline/FallbackError' not found
Shader 'Digger/URP/Terrain/Lit': dependency 'BaseMapShader' shader 'Digger/URP/Terrain/Lit (Base Pass)' not found
Shader 'Digger/URP/Terrain/Lit': dependency 'BaseMapGenShader' shader 'Hidden/Universal Render Pipeline/Terrain/Lit (Basemap Gen)' not found
Shader 'Digger/URP/Mesh-Pass1': fallback shader 'Hidden/Universal Render Pipeline/FallbackError' not found
Shader 'Digger/URP/Mesh-Pass3': fallback shader 'Hidden/Universal Render Pipeline/FallbackError' not found
Shader 'Digger/HDRP/Terrain/Lit': dependency 'BaseMapShader' shader 'Hidden/HDRP/TerrainLit_Basemap' not found
Shader 'Digger/HDRP/Terrain/Lit': dependency 'BaseMapGenShader' shader 'Hidden/HDRP/TerrainLit_BasemapGen' not found
Shader 'Digger/URP/Mesh-Pass0': fallback shader 'Hidden/Universal Render Pipeline/FallbackError' not found
Shader 'Digger/URP/Mesh-Pass0': dependency 'TerrainShader' shader 'Universal Render Pipeline/Terrain/Lit' not found
Shader 'Digger/URP/Mesh-Pass0': dependency 'AddPassShader' shader 'Hidden/Universal Render Pipeline/Terrain/Lit (Add Pass)' not found
Shader 'Digger/URP/Mesh-Pass0': dependency 'BaseMapShader' shader 'Hidden/Universal Render Pipeline/Terrain/Lit (Base Pass)' not found
Shader 'Digger/URP/Mesh-Pass0': dependency 'BaseMapGenShader' shader 'Hidden/Universal Render Pipeline/Terrain/Lit (Basemap Gen)' not found
Shader 'Hidden/Digger/URP/Terrain/Lit (Base Pass)': fallback shader 'Hidden/Universal Render Pipeline/FallbackError' not found
WARNING: Shader Unsupported: 'Hidden/Digger/URP/Terrain/Lit (Base Pass)' - All subshaders removed
WARNING: Shader Did you use #pragma only_renderers and omit this platform?
WARNING: Shader If subshaders removal was intentional, you may have forgotten turning Fallback off?
WARNING: Shader Unsupported: 'Hidden/Digger/URP/Terrain/Lit (Base Pass)' - All subshaders removed
WARNING: Shader Did you use #pragma only_renderers and omit this platform?
WARNING: Shader If subshaders removal was intentional, you may have forgotten turning Fallback off?
Launched and connected shader compiler UnityShaderCompiler.exe after 0.04 seconds
Refreshing native plugins compatible for Editor in 1.57 ms, found 6 plugins.
Preloading 0 native plugins for Editor in 0.00 ms.
Unloading 2889 Unused Serialized files (Serialized files now loaded: 0)
System memory in use before: 304.1 MB.
System memory in use after: 303.6 MB.

Unloading 57 unused Assets to reduce memory usage. Loaded Objects now: 3339.
Total: 4.049100 ms (FindLiveObjects: 0.299300 ms CreateObjectMapping: 0.073900 ms MarkObjects: 3.120400 ms  DeleteObjects: 0.554200 ms)

AssetImportParameters requested are different than current active one (requested -> active):
  custom:framework-win-MediaFoundation: 216162199b28c13a410421893ffa2e32 -> 
  custom:video-decoder-ogg-theora: a1e56fd34408186e4bbccfd4996cb3dc -> 
  custom:container-muxer-webm: aa71ff27fc2769a1b78a27578f13a17b -> 
  custom:container-demuxer-webm: 4f35f7cbe854078d1ac9338744f61a02 -> 
  custom:container-demuxer-ogg: 62fdf1f143b41e24485cea50d1cbac27 -> 
  custom:video-encoder-webm-vp8: eb34c28f22e8b96e1ab97ce403110664 -> 
  custom:video-decoder-webm-vp8: 9c59270c3fd7afecdb556c50c9e8de78 -> 
  custom:audio-decoder-ogg-vorbis: bf7c407c2cedff20999df2af8eb42d56 -> 
  custom:audio-encoder-webm-vorbis: bf7c407c2cedff20999df2af8eb42d56 -> 
========================================================================
Received Import Request.
  path: Assets/Scripts/Menu/MenuManager.cs
  artifactKey: Guid(ed4b4521d29cf6143bb686e760d66ca3) Importer(815301076,1909f56bfc062723c751e8b465ee728b)
Start importing Assets/Scripts/Menu/MenuManager.cs using Guid(ed4b4521d29cf6143bb686e760d66ca3) Importer(815301076,1909f56bfc062723c751e8b465ee728b)  -> (artifact id: '335e5d36ab0a4e29cc05f3b85212922a') in 0.036003 seconds 
  Import took 0.041297 seconds .

========================================================================
Received Prepare
Shader 'Digger/HDRP/Terrain/Lit': dependency 'BaseMapShader' shader 'Hidden/HDRP/TerrainLit_Basemap' not found
Shader 'Digger/HDRP/Terrain/Lit': dependency 'BaseMapGenShader' shader 'Hidden/HDRP/TerrainLit_BasemapGen' not found
Shader 'Digger/URP/Mesh-Pass2': fallback shader 'Hidden/Universal Render Pipeline/FallbackError' not found
Shader 'Digger/URP/Terrain/Lit (Add Pass)': fallback shader 'Hidden/Universal Render Pipeline/FallbackError' not found
Shader 'Digger/URP/Mesh-Pass0': fallback shader 'Hidden/Universal Render Pipeline/FallbackError' not found
Shader 'Digger/URP/Mesh-Pass0': dependency 'TerrainShader' shader 'Universal Render Pipeline/Terrain/Lit' not found
Shader 'Digger/URP/Mesh-Pass0': dependency 'AddPassShader' shader 'Hidden/Universal Render Pipeline/Terrain/Lit (Add Pass)' not found
Shader 'Digger/URP/Mesh-Pass0': dependency 'BaseMapShader' shader 'Hidden/Universal Render Pipeline/Terrain/Lit (Base Pass)' not found
Shader 'Digger/URP/Mesh-Pass0': dependency 'BaseMapGenShader' shader 'Hidden/Universal Render Pipeline/Terrain/Lit (Basemap Gen)' not found
Shader 'Digger/HDRP/Mesh/Lit': dependency 'BaseMapShader' shader 'Hidden/HDRP/TerrainLit_Basemap' not found
Shader 'Digger/HDRP/Mesh/Lit': dependency 'BaseMapGenShader' shader 'Hidden/HDRP/TerrainLit_BasemapGen' not found
Shader 'Hidden/Digger/URP/Terrain/Lit (Base Pass)': fallback shader 'Hidden/Universal Render Pipeline/FallbackError' not found
WARNING: Shader Unsupported: 'Hidden/Digger/URP/Terrain/Lit (Base Pass)' - All subshaders removed
WARNING: Shader Did you use #pragma only_renderers and omit this platform?
WARNING: Shader If subshaders removal was intentional, you may have forgotten turning Fallback off?
WARNING: Shader Unsupported: 'Hidden/Digger/URP/Terrain/Lit (Base Pass)' - All subshaders removed
WARNING: Shader Did you use #pragma only_renderers and omit this platform?
WARNING: Shader If subshaders removal was intentional, you may have forgotten turning Fallback off?
Shader 'Digger/URP/Terrain/Lit': fallback shader 'Hidden/Universal Render Pipeline/FallbackError' not found
Shader 'Digger/URP/Terrain/Lit': dependency 'BaseMapShader' shader 'Digger/URP/Terrain/Lit (Base Pass)' not found
Shader 'Digger/URP/Terrain/Lit': dependency 'BaseMapGenShader' shader 'Hidden/Universal Render Pipeline/Terrain/Lit (Basemap Gen)' not found
Shader 'Digger/URP/Mesh-Pass1': fallback shader 'Hidden/Universal Render Pipeline/FallbackError' not found
Shader 'Digger/URP/Mesh-Pass3': fallback shader 'Hidden/Universal Render Pipeline/FallbackError' not found
Shader 'Digger/URP/Mesh-Pass3': fallback shader 'Hidden/Universal Render Pipeline/FallbackError' not found
Shader 'Digger/URP/Mesh-Pass1': fallback shader 'Hidden/Universal Render Pipeline/FallbackError' not found
Shader 'Digger/URP/Terrain/Lit (Add Pass)': fallback shader 'Hidden/Universal Render Pipeline/FallbackError' not found
Shader 'Digger/URP/Mesh-Pass2': fallback shader 'Hidden/Universal Render Pipeline/FallbackError' not found
Shader 'Digger/URP/Mesh-Pass0': fallback shader 'Hidden/Universal Render Pipeline/FallbackError' not found
Shader 'Digger/URP/Mesh-Pass0': dependency 'TerrainShader' shader 'Universal Render Pipeline/Terrain/Lit' not found
Shader 'Digger/URP/Mesh-Pass0': dependency 'AddPassShader' shader 'Hidden/Universal Render Pipeline/Terrain/Lit (Add Pass)' not found
Shader 'Digger/URP/Mesh-Pass0': dependency 'BaseMapShader' shader 'Hidden/Universal Render Pipeline/Terrain/Lit (Base Pass)' not found
Shader 'Digger/URP/Mesh-Pass0': dependency 'BaseMapGenShader' shader 'Hidden/Universal Render Pipeline/Terrain/Lit (Basemap Gen)' not found
Shader 'Digger/HDRP/Terrain/Lit': dependency 'BaseMapShader' shader 'Hidden/HDRP/TerrainLit_Basemap' not found
Shader 'Digger/HDRP/Terrain/Lit': dependency 'BaseMapGenShader' shader 'Hidden/HDRP/TerrainLit_BasemapGen' not found
Shader 'Digger/URP/Terrain/Lit': fallback shader 'Hidden/Universal Render Pipeline/FallbackError' not found
Shader 'Digger/URP/Terrain/Lit': dependency 'BaseMapShader' shader 'Digger/URP/Terrain/Lit (Base Pass)' not found
Shader 'Digger/URP/Terrain/Lit': dependency 'BaseMapGenShader' shader 'Hidden/Universal Render Pipeline/Terrain/Lit (Basemap Gen)' not found
Shader 'Hidden/Digger/URP/Terrain/Lit (Base Pass)': fallback shader 'Hidden/Universal Render Pipeline/FallbackError' not found
WARNING: Shader Unsupported: 'Hidden/Digger/URP/Terrain/Lit (Base Pass)' - All subshaders removed
WARNING: Shader Did you use #pragma only_renderers and omit this platform?
WARNING: Shader If subshaders removal was intentional, you may have forgotten turning Fallback off?
WARNING: Shader Unsupported: 'Hidden/Digger/URP/Terrain/Lit (Base Pass)' - All subshaders removed
WARNING: Shader Did you use #pragma only_renderers and omit this platform?
WARNING: Shader If subshaders removal was intentional, you may have forgotten turning Fallback off?
Shader 'Digger/HDRP/Mesh/Lit': dependency 'BaseMapShader' shader 'Hidden/HDRP/TerrainLit_Basemap' not found
Shader 'Digger/HDRP/Mesh/Lit': dependency 'BaseMapGenShader' shader 'Hidden/HDRP/TerrainLit_BasemapGen' not found
Refreshing native plugins compatible for Editor in 18.33 ms, found 6 plugins.
Preloading 0 native plugins for Editor in 0.00 ms.
Unloading 42 Unused Serialized files (Serialized files now loaded: 0)
System memory in use before: 238.9 MB.
System memory in use after: 238.4 MB.

Unloading 42 unused Assets to reduce memory usage. Loaded Objects now: 3339.
Total: 10.538600 ms (FindLiveObjects: 0.351300 ms CreateObjectMapping: 0.074400 ms MarkObjects: 8.922900 ms  DeleteObjects: 1.187400 ms)

AssetImportParameters requested are different than current active one (requested -> active):
  custom:framework-win-MediaFoundation: 216162199b28c13a410421893ffa2e32 -> 
  custom:video-decoder-ogg-theora: a1e56fd34408186e4bbccfd4996cb3dc -> 
  custom:container-muxer-webm: aa71ff27fc2769a1b78a27578f13a17b -> 
  custom:container-demuxer-webm: 4f35f7cbe854078d1ac9338744f61a02 -> 
  custom:container-demuxer-ogg: 62fdf1f143b41e24485cea50d1cbac27 -> 
  custom:video-encoder-webm-vp8: eb34c28f22e8b96e1ab97ce403110664 -> 
  custom:video-decoder-webm-vp8: 9c59270c3fd7afecdb556c50c9e8de78 -> 
  custom:audio-decoder-ogg-vorbis: bf7c407c2cedff20999df2af8eb42d56 -> 
  custom:audio-encoder-webm-vorbis: bf7c407c2cedff20999df2af8eb42d56 -> 
========================================================================
Received Import Request.
  Time since last request: 54.637242 seconds.
  path: Assets/Scripts/Menu/MenuManager.cs
  artifactKey: Guid(ed4b4521d29cf6143bb686e760d66ca3) Importer(815301076,1909f56bfc062723c751e8b465ee728b)
Start importing Assets/Scripts/Menu/MenuManager.cs using Guid(ed4b4521d29cf6143bb686e760d66ca3) Importer(815301076,1909f56bfc062723c751e8b465ee728b)  -> (artifact id: '49e851d5ed5319e1c95d031eb5fe145e') in 0.017698 seconds 
  Import took 0.025661 seconds .

========================================================================
Received Import Request.
  Time since last request: 121.563964 seconds.
  path: Assets/Scripts/Menu/MenuManager.cs
  artifactKey: Guid(ed4b4521d29cf6143bb686e760d66ca3) Importer(815301076,1909f56bfc062723c751e8b465ee728b)
Start importing Assets/Scripts/Menu/MenuManager.cs using Guid(ed4b4521d29cf6143bb686e760d66ca3) Importer(815301076,1909f56bfc062723c751e8b465ee728b)  -> (artifact id: '8e2291bbf3f1f19390d4d7cfe0f04049') in 0.003616 seconds 
  Import took 0.010775 seconds .

========================================================================
Received Prepare
Registering precompiled user dll's ...
Registered in 0.009524 seconds.
Begin MonoManager ReloadAssembly
Native extension for WindowsStandalone target not found
Native extension for WebGL target not found
Refreshing native plugins compatible for Editor in 1.52 ms, found 6 plugins.
Preloading 0 native plugins for Editor in 0.00 ms.
Mono: successfully reloaded assembly
- Completed reload, in  1.260 seconds
Domain Reload Profiling:
	ReloadAssembly (1261ms)
		BeginReloadAssembly (110ms)
			ExecutionOrderSort (0ms)
			DisableScriptedObjects (4ms)
			BackupInstance (0ms)
			ReleaseScriptingObjects (0ms)
			CreateAndSetChildDomain (34ms)
		EndReloadAssembly (1094ms)
			LoadAssemblies (81ms)
			RebuildTransferFunctionScriptingTraits (0ms)
			SetupTypeCache (266ms)
			ReleaseScriptCaches (1ms)
			RebuildScriptCaches (38ms)
			SetupLoadedEditorAssemblies (588ms)
				LogAssemblyErrors (0ms)
				InitializePlatformSupportModulesInManaged (4ms)
				SetLoadedEditorAssemblies (0ms)
				RefreshPlugins (2ms)
				BeforeProcessingInitializeOnLoad (101ms)
				ProcessInitializeOnLoadAttributes (395ms)
				ProcessInitializeOnLoadMethodAttributes (78ms)
				AfterProcessingInitializeOnLoad (7ms)
				EditorAssembliesLoaded (0ms)
			ExecutionOrderSort2 (0ms)
			AwakeInstancesAfterBackupRestoration (9ms)
Platform modules already initialized, skipping
Shader 'Digger/HDRP/Terrain/Lit': dependency 'BaseMapShader' shader 'Hidden/HDRP/TerrainLit_Basemap' not found
Shader 'Digger/HDRP/Terrain/Lit': dependency 'BaseMapGenShader' shader 'Hidden/HDRP/TerrainLit_BasemapGen' not found
Shader 'Digger/URP/Mesh-Pass2': fallback shader 'Hidden/Universal Render Pipeline/FallbackError' not found
Shader 'Digger/URP/Terrain/Lit (Add Pass)': fallback shader 'Hidden/Universal Render Pipeline/FallbackError' not found
Shader 'Digger/URP/Mesh-Pass0': fallback shader 'Hidden/Universal Render Pipeline/FallbackError' not found
Shader 'Digger/URP/Mesh-Pass0': dependency 'TerrainShader' shader 'Universal Render Pipeline/Terrain/Lit' not found
Shader 'Digger/URP/Mesh-Pass0': dependency 'AddPassShader' shader 'Hidden/Universal Render Pipeline/Terrain/Lit (Add Pass)' not found
Shader 'Digger/URP/Mesh-Pass0': dependency 'BaseMapShader' shader 'Hidden/Universal Render Pipeline/Terrain/Lit (Base Pass)' not found
Shader 'Digger/URP/Mesh-Pass0': dependency 'BaseMapGenShader' shader 'Hidden/Universal Render Pipeline/Terrain/Lit (Basemap Gen)' not found
Shader 'Digger/HDRP/Mesh/Lit': dependency 'BaseMapShader' shader 'Hidden/HDRP/TerrainLit_Basemap' not found
Shader 'Digger/HDRP/Mesh/Lit': dependency 'BaseMapGenShader' shader 'Hidden/HDRP/TerrainLit_BasemapGen' not found
Shader 'Hidden/Digger/URP/Terrain/Lit (Base Pass)': fallback shader 'Hidden/Universal Render Pipeline/FallbackError' not found
WARNING: Shader Unsupported: 'Hidden/Digger/URP/Terrain/Lit (Base Pass)' - All subshaders removed
WARNING: Shader Did you use #pragma only_renderers and omit this platform?
WARNING: Shader If subshaders removal was intentional, you may have forgotten turning Fallback off?
WARNING: Shader Unsupported: 'Hidden/Digger/URP/Terrain/Lit (Base Pass)' - All subshaders removed
WARNING: Shader Did you use #pragma only_renderers and omit this platform?
WARNING: Shader If subshaders removal was intentional, you may have forgotten turning Fallback off?
Shader 'Digger/URP/Terrain/Lit': fallback shader 'Hidden/Universal Render Pipeline/FallbackError' not found
Shader 'Digger/URP/Terrain/Lit': dependency 'BaseMapShader' shader 'Digger/URP/Terrain/Lit (Base Pass)' not found
Shader 'Digger/URP/Terrain/Lit': dependency 'BaseMapGenShader' shader 'Hidden/Universal Render Pipeline/Terrain/Lit (Basemap Gen)' not found
Shader 'Digger/URP/Mesh-Pass1': fallback shader 'Hidden/Universal Render Pipeline/FallbackError' not found
Shader 'Digger/URP/Mesh-Pass3': fallback shader 'Hidden/Universal Render Pipeline/FallbackError' not found
Shader 'Digger/URP/Mesh-Pass2': fallback shader 'Hidden/Universal Render Pipeline/FallbackError' not found
Shader 'Digger/URP/Mesh-Pass1': fallback shader 'Hidden/Universal Render Pipeline/FallbackError' not found
Shader 'Digger/HDRP/Mesh/Lit': dependency 'BaseMapShader' shader 'Hidden/HDRP/TerrainLit_Basemap' not found
Shader 'Digger/HDRP/Mesh/Lit': dependency 'BaseMapGenShader' shader 'Hidden/HDRP/TerrainLit_BasemapGen' not found
Shader 'Digger/URP/Terrain/Lit': fallback shader 'Hidden/Universal Render Pipeline/FallbackError' not found
Shader 'Digger/URP/Terrain/Lit (Add Pass)': fallback shader 'Hidden/Universal Render Pipeline/FallbackError' not found
Shader 'Digger/URP/Terrain/Lit': dependency 'BaseMapShader' shader 'Digger/URP/Terrain/Lit (Base Pass)' not found
Shader 'Digger/URP/Terrain/Lit': dependency 'BaseMapGenShader' shader 'Hidden/Universal Render Pipeline/Terrain/Lit (Basemap Gen)' not found
Shader 'Digger/URP/Mesh-Pass3': fallback shader 'Hidden/Universal Render Pipeline/FallbackError' not found
Shader 'Hidden/Digger/URP/Terrain/Lit (Base Pass)': fallback shader 'Hidden/Universal Render Pipeline/FallbackError' not found
WARNING: Shader Unsupported: 'Hidden/Digger/URP/Terrain/Lit (Base Pass)' - All subshaders removed
WARNING: Shader Did you use #pragma only_renderers and omit this platform?
WARNING: Shader If subshaders removal was intentional, you may have forgotten turning Fallback off?
WARNING: Shader Unsupported: 'Hidden/Digger/URP/Terrain/Lit (Base Pass)' - All subshaders removed
WARNING: Shader Did you use #pragma only_renderers and omit this platform?
WARNING: Shader If subshaders removal was intentional, you may have forgotten turning Fallback off?
Shader 'Digger/URP/Mesh-Pass0': fallback shader 'Hidden/Universal Render Pipeline/FallbackError' not found
Shader 'Digger/URP/Mesh-Pass0': dependency 'TerrainShader' shader 'Universal Render Pipeline/Terrain/Lit' not found
Shader 'Digger/URP/Mesh-Pass0': dependency 'AddPassShader' shader 'Hidden/Universal Render Pipeline/Terrain/Lit (Add Pass)' not found
Shader 'Digger/URP/Mesh-Pass0': dependency 'BaseMapShader' shader 'Hidden/Universal Render Pipeline/Terrain/Lit (Base Pass)' not found
Shader 'Digger/URP/Mesh-Pass0': dependency 'BaseMapGenShader' shader 'Hidden/Universal Render Pipeline/Terrain/Lit (Basemap Gen)' not found
Shader 'Digger/URP/Terrain/Lit (Add Pass)': fallback shader 'Hidden/Universal Render Pipeline/FallbackError' not found
Shader 'Digger/HDRP/Terrain/Lit': dependency 'BaseMapShader' shader 'Hidden/HDRP/TerrainLit_Basemap' not found
Shader 'Digger/HDRP/Terrain/Lit': dependency 'BaseMapGenShader' shader 'Hidden/HDRP/TerrainLit_BasemapGen' not found
Refreshing native plugins compatible for Editor in 1.53 ms, found 6 plugins.
Preloading 0 native plugins for Editor in 0.00 ms.
Unloading 2711 Unused Serialized files (Serialized files now loaded: 0)
System memory in use before: 294.6 MB.
System memory in use after: 294.2 MB.

Unloading 52 unused Assets to reduce memory usage. Loaded Objects now: 3342.
Total: 3.920700 ms (FindLiveObjects: 0.364400 ms CreateObjectMapping: 0.100200 ms MarkObjects: 2.897200 ms  DeleteObjects: 0.558100 ms)

AssetImportParameters requested are different than current active one (requested -> active):
  custom:framework-win-MediaFoundation: 216162199b28c13a410421893ffa2e32 -> 
  custom:video-decoder-ogg-theora: a1e56fd34408186e4bbccfd4996cb3dc -> 
  custom:container-muxer-webm: aa71ff27fc2769a1b78a27578f13a17b -> 
  custom:container-demuxer-webm: 4f35f7cbe854078d1ac9338744f61a02 -> 
  custom:container-demuxer-ogg: 62fdf1f143b41e24485cea50d1cbac27 -> 
  custom:video-encoder-webm-vp8: eb34c28f22e8b96e1ab97ce403110664 -> 
  custom:video-decoder-webm-vp8: 9c59270c3fd7afecdb556c50c9e8de78 -> 
  custom:audio-decoder-ogg-vorbis: bf7c407c2cedff20999df2af8eb42d56 -> 
  custom:audio-encoder-webm-vorbis: bf7c407c2cedff20999df2af8eb42d56 -> 
========================================================================
Received Prepare
Registering precompiled user dll's ...
Registered in 0.010651 seconds.
Begin MonoManager ReloadAssembly
Native extension for WindowsStandalone target not found
Native extension for WebGL target not found
Refreshing native plugins compatible for Editor in 1.66 ms, found 6 plugins.
Preloading 0 native plugins for Editor in 0.00 ms.
Mono: successfully reloaded assembly
- Completed reload, in  1.533 seconds
Domain Reload Profiling:
	ReloadAssembly (1533ms)
		BeginReloadAssembly (116ms)
			ExecutionOrderSort (0ms)
			DisableScriptedObjects (4ms)
			BackupInstance (0ms)
			ReleaseScriptingObjects (0ms)
			CreateAndSetChildDomain (34ms)
		EndReloadAssembly (1356ms)
			LoadAssemblies (91ms)
			RebuildTransferFunctionScriptingTraits (0ms)
			SetupTypeCache (258ms)
			ReleaseScriptCaches (1ms)
			RebuildScriptCaches (43ms)
			SetupLoadedEditorAssemblies (860ms)
				LogAssemblyErrors (0ms)
				InitializePlatformSupportModulesInManaged (5ms)
				SetLoadedEditorAssemblies (0ms)
				RefreshPlugins (2ms)
				BeforeProcessingInitializeOnLoad (107ms)
				ProcessInitializeOnLoadAttributes (657ms)
				ProcessInitializeOnLoadMethodAttributes (82ms)
				AfterProcessingInitializeOnLoad (7ms)
				EditorAssembliesLoaded (0ms)
			ExecutionOrderSort2 (0ms)
			AwakeInstancesAfterBackupRestoration (9ms)
Platform modules already initialized, skipping
Shader 'Digger/HDRP/Terrain/Lit': dependency 'BaseMapShader' shader 'Hidden/HDRP/TerrainLit_Basemap' not found
Shader 'Digger/HDRP/Terrain/Lit': dependency 'BaseMapGenShader' shader 'Hidden/HDRP/TerrainLit_BasemapGen' not found
Shader 'Digger/URP/Mesh-Pass2': fallback shader 'Hidden/Universal Render Pipeline/FallbackError' not found
Shader 'Digger/URP/Terrain/Lit (Add Pass)': fallback shader 'Hidden/Universal Render Pipeline/FallbackError' not found
Shader 'Digger/URP/Mesh-Pass0': fallback shader 'Hidden/Universal Render Pipeline/FallbackError' not found
Shader 'Digger/URP/Mesh-Pass0': dependency 'TerrainShader' shader 'Universal Render Pipeline/Terrain/Lit' not found
Shader 'Digger/URP/Mesh-Pass0': dependency 'AddPassShader' shader 'Hidden/Universal Render Pipeline/Terrain/Lit (Add Pass)' not found
Shader 'Digger/URP/Mesh-Pass0': dependency 'BaseMapShader' shader 'Hidden/Universal Render Pipeline/Terrain/Lit (Base Pass)' not found
Shader 'Digger/URP/Mesh-Pass0': dependency 'BaseMapGenShader' shader 'Hidden/Universal Render Pipeline/Terrain/Lit (Basemap Gen)' not found
Shader 'Digger/HDRP/Mesh/Lit': dependency 'BaseMapShader' shader 'Hidden/HDRP/TerrainLit_Basemap' not found
Shader 'Digger/HDRP/Mesh/Lit': dependency 'BaseMapGenShader' shader 'Hidden/HDRP/TerrainLit_BasemapGen' not found
Shader 'Hidden/Digger/URP/Terrain/Lit (Base Pass)': fallback shader 'Hidden/Universal Render Pipeline/FallbackError' not found
WARNING: Shader Unsupported: 'Hidden/Digger/URP/Terrain/Lit (Base Pass)' - All subshaders removed
WARNING: Shader Did you use #pragma only_renderers and omit this platform?
WARNING: Shader If subshaders removal was intentional, you may have forgotten turning Fallback off?
WARNING: Shader Unsupported: 'Hidden/Digger/URP/Terrain/Lit (Base Pass)' - All subshaders removed
WARNING: Shader Did you use #pragma only_renderers and omit this platform?
WARNING: Shader If subshaders removal was intentional, you may have forgotten turning Fallback off?
Shader 'Digger/URP/Terrain/Lit': fallback shader 'Hidden/Universal Render Pipeline/FallbackError' not found
Shader 'Digger/URP/Terrain/Lit': dependency 'BaseMapShader' shader 'Digger/URP/Terrain/Lit (Base Pass)' not found
Shader 'Digger/URP/Terrain/Lit': dependency 'BaseMapGenShader' shader 'Hidden/Universal Render Pipeline/Terrain/Lit (Basemap Gen)' not found
Shader 'Digger/URP/Mesh-Pass1': fallback shader 'Hidden/Universal Render Pipeline/FallbackError' not found
Shader 'Digger/URP/Mesh-Pass3': fallback shader 'Hidden/Universal Render Pipeline/FallbackError' not found
Shader 'Digger/HDRP/Terrain/Lit': dependency 'BaseMapShader' shader 'Hidden/HDRP/TerrainLit_Basemap' not found
Shader 'Digger/HDRP/Terrain/Lit': dependency 'BaseMapGenShader' shader 'Hidden/HDRP/TerrainLit_BasemapGen' not found
Shader 'Digger/URP/Mesh-Pass3': fallback shader 'Hidden/Universal Render Pipeline/FallbackError' not found
Shader 'Digger/URP/Mesh-Pass0': fallback shader 'Hidden/Universal Render Pipeline/FallbackError' not found
Shader 'Digger/URP/Mesh-Pass0': dependency 'TerrainShader' shader 'Universal Render Pipeline/Terrain/Lit' not found
Shader 'Digger/URP/Mesh-Pass0': dependency 'AddPassShader' shader 'Hidden/Universal Render Pipeline/Terrain/Lit (Add Pass)' not found
Shader 'Digger/URP/Mesh-Pass0': dependency 'BaseMapShader' shader 'Hidden/Universal Render Pipeline/Terrain/Lit (Base Pass)' not found
Shader 'Digger/URP/Mesh-Pass0': dependency 'BaseMapGenShader' shader 'Hidden/Universal Render Pipeline/Terrain/Lit (Basemap Gen)' not found
Shader 'Hidden/Digger/URP/Terrain/Lit (Base Pass)': fallback shader 'Hidden/Universal Render Pipeline/FallbackError' not found
WARNING: Shader Unsupported: 'Hidden/Digger/URP/Terrain/Lit (Base Pass)' - All subshaders removed
WARNING: Shader Did you use #pragma only_renderers and omit this platform?
WARNING: Shader If subshaders removal was intentional, you may have forgotten turning Fallback off?
WARNING: Shader Unsupported: 'Hidden/Digger/URP/Terrain/Lit (Base Pass)' - All subshaders removed
WARNING: Shader Did you use #pragma only_renderers and omit this platform?
WARNING: Shader If subshaders removal was intentional, you may have forgotten turning Fallback off?
Shader 'Digger/URP/Terrain/Lit': fallback shader 'Hidden/Universal Render Pipeline/FallbackError' not found
Shader 'Digger/URP/Terrain/Lit (Add Pass)': fallback shader 'Hidden/Universal Render Pipeline/FallbackError' not found
Shader 'Digger/URP/Terrain/Lit': dependency 'BaseMapShader' shader 'Digger/URP/Terrain/Lit (Base Pass)' not found
Shader 'Digger/URP/Terrain/Lit': dependency 'BaseMapGenShader' shader 'Hidden/Universal Render Pipeline/Terrain/Lit (Basemap Gen)' not found
Shader 'Digger/URP/Mesh-Pass2': fallback shader 'Hidden/Universal Render Pipeline/FallbackError' not found
Shader 'Digger/URP/Terrain/Lit (Add Pass)': fallback shader 'Hidden/Universal Render Pipeline/FallbackError' not found
Shader 'Digger/HDRP/Mesh/Lit': dependency 'BaseMapShader' shader 'Hidden/HDRP/TerrainLit_Basemap' not found
Shader 'Digger/HDRP/Mesh/Lit': dependency 'BaseMapGenShader' shader 'Hidden/HDRP/TerrainLit_BasemapGen' not found
Shader 'Digger/URP/Mesh-Pass1': fallback shader 'Hidden/Universal Render Pipeline/FallbackError' not found
Refreshing native plugins compatible for Editor in 1.62 ms, found 6 plugins.
Preloading 0 native plugins for Editor in 0.00 ms.
Unloading 2711 Unused Serialized files (Serialized files now loaded: 0)
System memory in use before: 294.7 MB.
System memory in use after: 294.2 MB.

Unloading 52 unused Assets to reduce memory usage. Loaded Objects now: 3345.
Total: 3.795300 ms (FindLiveObjects: 0.286000 ms CreateObjectMapping: 0.084800 ms MarkObjects: 2.848300 ms  DeleteObjects: 0.575200 ms)

AssetImportParameters requested are different than current active one (requested -> active):
  custom:framework-win-MediaFoundation: 216162199b28c13a410421893ffa2e32 -> 
  custom:video-decoder-ogg-theora: a1e56fd34408186e4bbccfd4996cb3dc -> 
  custom:container-muxer-webm: aa71ff27fc2769a1b78a27578f13a17b -> 
  custom:container-demuxer-webm: 4f35f7cbe854078d1ac9338744f61a02 -> 
  custom:container-demuxer-ogg: 62fdf1f143b41e24485cea50d1cbac27 -> 
  custom:video-encoder-webm-vp8: eb34c28f22e8b96e1ab97ce403110664 -> 
  custom:video-decoder-webm-vp8: 9c59270c3fd7afecdb556c50c9e8de78 -> 
  custom:audio-decoder-ogg-vorbis: bf7c407c2cedff20999df2af8eb42d56 -> 
  custom:audio-encoder-webm-vorbis: bf7c407c2cedff20999df2af8eb42d56 -> 
========================================================================
Received Prepare
Registering precompiled user dll's ...
Registered in 0.937641 seconds.
Begin MonoManager ReloadAssembly
Native extension for WindowsStandalone target not found
Native extension for WebGL target not found
Refreshing native plugins compatible for Editor in 1.50 ms, found 6 plugins.
Preloading 0 native plugins for Editor in 0.00 ms.
Mono: successfully reloaded assembly
- Completed reload, in  7.379 seconds
Domain Reload Profiling:
	ReloadAssembly (7380ms)
		BeginReloadAssembly (2067ms)
			ExecutionOrderSort (0ms)
			DisableScriptedObjects (4ms)
			BackupInstance (0ms)
			ReleaseScriptingObjects (0ms)
			CreateAndSetChildDomain (30ms)
		EndReloadAssembly (5258ms)
			LoadAssemblies (5069ms)
			RebuildTransferFunctionScriptingTraits (0ms)
			SetupTypeCache (790ms)
			ReleaseScriptCaches (1ms)
			RebuildScriptCaches (38ms)
			SetupLoadedEditorAssemblies (1167ms)
				LogAssemblyErrors (0ms)
				InitializePlatformSupportModulesInManaged (4ms)
				SetLoadedEditorAssemblies (0ms)
				RefreshPlugins (2ms)
				BeforeProcessingInitializeOnLoad (100ms)
				ProcessInitializeOnLoadAttributes (483ms)
				ProcessInitializeOnLoadMethodAttributes (571ms)
				AfterProcessingInitializeOnLoad (7ms)
				EditorAssembliesLoaded (0ms)
			ExecutionOrderSort2 (0ms)
			AwakeInstancesAfterBackupRestoration (10ms)
Platform modules already initialized, skipping
Shader 'Digger/HDRP/Terrain/Lit': dependency 'BaseMapShader' shader 'Hidden/HDRP/TerrainLit_Basemap' not found
Shader 'Digger/HDRP/Terrain/Lit': dependency 'BaseMapGenShader' shader 'Hidden/HDRP/TerrainLit_BasemapGen' not found
Shader 'Digger/URP/Mesh-Pass2': fallback shader 'Hidden/Universal Render Pipeline/FallbackError' not found
Shader 'Digger/URP/Terrain/Lit (Add Pass)': fallback shader 'Hidden/Universal Render Pipeline/FallbackError' not found
Shader 'Digger/URP/Mesh-Pass0': fallback shader 'Hidden/Universal Render Pipeline/FallbackError' not found
Shader 'Digger/URP/Mesh-Pass0': dependency 'TerrainShader' shader 'Universal Render Pipeline/Terrain/Lit' not found
Shader 'Digger/URP/Mesh-Pass0': dependency 'AddPassShader' shader 'Hidden/Universal Render Pipeline/Terrain/Lit (Add Pass)' not found
Shader 'Digger/URP/Mesh-Pass0': dependency 'BaseMapShader' shader 'Hidden/Universal Render Pipeline/Terrain/Lit (Base Pass)' not found
Shader 'Digger/URP/Mesh-Pass0': dependency 'BaseMapGenShader' shader 'Hidden/Universal Render Pipeline/Terrain/Lit (Basemap Gen)' not found
Shader 'Digger/HDRP/Mesh/Lit': dependency 'BaseMapShader' shader 'Hidden/HDRP/TerrainLit_Basemap' not found
Shader 'Digger/HDRP/Mesh/Lit': dependency 'BaseMapGenShader' shader 'Hidden/HDRP/TerrainLit_BasemapGen' not found
Shader 'Hidden/Digger/URP/Terrain/Lit (Base Pass)': fallback shader 'Hidden/Universal Render Pipeline/FallbackError' not found
WARNING: Shader Unsupported: 'Hidden/Digger/URP/Terrain/Lit (Base Pass)' - All subshaders removed
WARNING: Shader Did you use #pragma only_renderers and omit this platform?
WARNING: Shader If subshaders removal was intentional, you may have forgotten turning Fallback off?
WARNING: Shader Unsupported: 'Hidden/Digger/URP/Terrain/Lit (Base Pass)' - All subshaders removed
WARNING: Shader Did you use #pragma only_renderers and omit this platform?
WARNING: Shader If subshaders removal was intentional, you may have forgotten turning Fallback off?
Shader 'Digger/URP/Terrain/Lit': fallback shader 'Hidden/Universal Render Pipeline/FallbackError' not found
Shader 'Digger/URP/Terrain/Lit': dependency 'BaseMapShader' shader 'Digger/URP/Terrain/Lit (Base Pass)' not found
Shader 'Digger/URP/Terrain/Lit': dependency 'BaseMapGenShader' shader 'Hidden/Universal Render Pipeline/Terrain/Lit (Basemap Gen)' not found
Shader 'Digger/URP/Mesh-Pass1': fallback shader 'Hidden/Universal Render Pipeline/FallbackError' not found
Shader 'Digger/URP/Mesh-Pass3': fallback shader 'Hidden/Universal Render Pipeline/FallbackError' not found
Shader 'Digger/URP/Terrain/Lit': fallback shader 'Hidden/Universal Render Pipeline/FallbackError' not found
Shader 'Digger/URP/Terrain/Lit (Add Pass)': fallback shader 'Hidden/Universal Render Pipeline/FallbackError' not found
Shader 'Digger/URP/Terrain/Lit': dependency 'BaseMapShader' shader 'Digger/URP/Terrain/Lit (Base Pass)' not found
Shader 'Digger/URP/Terrain/Lit': dependency 'BaseMapGenShader' shader 'Hidden/Universal Render Pipeline/Terrain/Lit (Basemap Gen)' not found
Shader 'Digger/URP/Terrain/Lit (Add Pass)': fallback shader 'Hidden/Universal Render Pipeline/FallbackError' not found
Shader 'Digger/URP/Mesh-Pass2': fallback shader 'Hidden/Universal Render Pipeline/FallbackError' not found
Shader 'Digger/URP/Mesh-Pass3': fallback shader 'Hidden/Universal Render Pipeline/FallbackError' not found
Shader 'Digger/HDRP/Terrain/Lit': dependency 'BaseMapShader' shader 'Hidden/HDRP/TerrainLit_Basemap' not found
Shader 'Digger/HDRP/Terrain/Lit': dependency 'BaseMapGenShader' shader 'Hidden/HDRP/TerrainLit_BasemapGen' not found
Shader 'Hidden/Digger/URP/Terrain/Lit (Base Pass)': fallback shader 'Hidden/Universal Render Pipeline/FallbackError' not found
WARNING: Shader Unsupported: 'Hidden/Digger/URP/Terrain/Lit (Base Pass)' - All subshaders removed
WARNING: Shader Did you use #pragma only_renderers and omit this platform?
WARNING: Shader If subshaders removal was intentional, you may have forgotten turning Fallback off?
WARNING: Shader Unsupported: 'Hidden/Digger/URP/Terrain/Lit (Base Pass)' - All subshaders removed
WARNING: Shader Did you use #pragma only_renderers and omit this platform?
WARNING: Shader If subshaders removal was intentional, you may have forgotten turning Fallback off?
Shader 'Digger/URP/Mesh-Pass1': fallback shader 'Hidden/Universal Render Pipeline/FallbackError' not found
Shader 'Digger/URP/Mesh-Pass0': fallback shader 'Hidden/Universal Render Pipeline/FallbackError' not found
Shader 'Digger/URP/Mesh-Pass0': dependency 'TerrainShader' shader 'Universal Render Pipeline/Terrain/Lit' not found
Shader 'Digger/URP/Mesh-Pass0': dependency 'AddPassShader' shader 'Hidden/Universal Render Pipeline/Terrain/Lit (Add Pass)' not found
Shader 'Digger/URP/Mesh-Pass0': dependency 'BaseMapShader' shader 'Hidden/Universal Render Pipeline/Terrain/Lit (Base Pass)' not found
Shader 'Digger/URP/Mesh-Pass0': dependency 'BaseMapGenShader' shader 'Hidden/Universal Render Pipeline/Terrain/Lit (Basemap Gen)' not found
Shader 'Digger/HDRP/Mesh/Lit': dependency 'BaseMapShader' shader 'Hidden/HDRP/TerrainLit_Basemap' not found
Shader 'Digger/HDRP/Mesh/Lit': dependency 'BaseMapGenShader' shader 'Hidden/HDRP/TerrainLit_BasemapGen' not found
Refreshing native plugins compatible for Editor in 1.94 ms, found 6 plugins.
Preloading 0 native plugins for Editor in 0.00 ms.
Unloading 2711 Unused Serialized files (Serialized files now loaded: 0)
System memory in use before: 294.7 MB.
System memory in use after: 294.2 MB.

Unloading 52 unused Assets to reduce memory usage. Loaded Objects now: 3348.
Total: 3.841600 ms (FindLiveObjects: 0.270200 ms CreateObjectMapping: 0.069600 ms MarkObjects: 2.928000 ms  DeleteObjects: 0.572700 ms)

AssetImportParameters requested are different than current active one (requested -> active):
  custom:framework-win-MediaFoundation: 216162199b28c13a410421893ffa2e32 -> 
  custom:video-decoder-ogg-theora: a1e56fd34408186e4bbccfd4996cb3dc -> 
  custom:container-muxer-webm: aa71ff27fc2769a1b78a27578f13a17b -> 
  custom:container-demuxer-webm: 4f35f7cbe854078d1ac9338744f61a02 -> 
  custom:container-demuxer-ogg: 62fdf1f143b41e24485cea50d1cbac27 -> 
  custom:video-encoder-webm-vp8: eb34c28f22e8b96e1ab97ce403110664 -> 
  custom:video-decoder-webm-vp8: 9c59270c3fd7afecdb556c50c9e8de78 -> 
  custom:audio-decoder-ogg-vorbis: bf7c407c2cedff20999df2af8eb42d56 -> 
  custom:audio-encoder-webm-vorbis: bf7c407c2cedff20999df2af8eb42d56 -> 
========================================================================
Received Import Request.
  Time since last request: 423.751388 seconds.
  path: Assets/Scenes/Main.unity
  artifactKey: Guid(c26b61228cff44a459e4cb54c079c640) Importer(815301076,1909f56bfc062723c751e8b465ee728b)
Start importing Assets/Scenes/Main.unity using Guid(c26b61228cff44a459e4cb54c079c640) Importer(815301076,1909f56bfc062723c751e8b465ee728b)  -> (artifact id: '892ba276e34db8a3ba33357d92e688e0') in 0.061462 seconds 
  Import took 0.069208 seconds .

========================================================================
Received Prepare
Registering precompiled user dll's ...
Registered in 0.057321 seconds.
Begin MonoManager ReloadAssembly
Native extension for WindowsStandalone target not found
Native extension for WebGL target not found
Refreshing native plugins compatible for Editor in 1.87 ms, found 6 plugins.
Preloading 0 native plugins for Editor in 0.00 ms.
Mono: successfully reloaded assembly
- Completed reload, in  1.343 seconds
Domain Reload Profiling:
	ReloadAssembly (1344ms)
		BeginReloadAssembly (109ms)
			ExecutionOrderSort (0ms)
			DisableScriptedObjects (4ms)
			BackupInstance (0ms)
			ReleaseScriptingObjects (0ms)
			CreateAndSetChildDomain (36ms)
		EndReloadAssembly (1180ms)
			LoadAssemblies (87ms)
			RebuildTransferFunctionScriptingTraits (0ms)
			SetupTypeCache (266ms)
			ReleaseScriptCaches (1ms)
			RebuildScriptCaches (41ms)
			SetupLoadedEditorAssemblies (654ms)
				LogAssemblyErrors (0ms)
				InitializePlatformSupportModulesInManaged (5ms)
				SetLoadedEditorAssemblies (0ms)
				RefreshPlugins (2ms)
				BeforeProcessingInitializeOnLoad (120ms)
				ProcessInitializeOnLoadAttributes (433ms)
				ProcessInitializeOnLoadMethodAttributes (87ms)
				AfterProcessingInitializeOnLoad (7ms)
				EditorAssembliesLoaded (0ms)
			ExecutionOrderSort2 (0ms)
			AwakeInstancesAfterBackupRestoration (11ms)
Platform modules already initialized, skipping
Shader 'Digger/HDRP/Terrain/Lit': dependency 'BaseMapShader' shader 'Hidden/HDRP/TerrainLit_Basemap' not found
Shader 'Digger/HDRP/Terrain/Lit': dependency 'BaseMapGenShader' shader 'Hidden/HDRP/TerrainLit_BasemapGen' not found
Shader 'Digger/URP/Mesh-Pass2': fallback shader 'Hidden/Universal Render Pipeline/FallbackError' not found
Shader 'Digger/URP/Terrain/Lit (Add Pass)': fallback shader 'Hidden/Universal Render Pipeline/FallbackError' not found
Shader 'Digger/URP/Mesh-Pass0': fallback shader 'Hidden/Universal Render Pipeline/FallbackError' not found
Shader 'Digger/URP/Mesh-Pass0': dependency 'TerrainShader' shader 'Universal Render Pipeline/Terrain/Lit' not found
Shader 'Digger/URP/Mesh-Pass0': dependency 'AddPassShader' shader 'Hidden/Universal Render Pipeline/Terrain/Lit (Add Pass)' not found
Shader 'Digger/URP/Mesh-Pass0': dependency 'BaseMapShader' shader 'Hidden/Universal Render Pipeline/Terrain/Lit (Base Pass)' not found
Shader 'Digger/URP/Mesh-Pass0': dependency 'BaseMapGenShader' shader 'Hidden/Universal Render Pipeline/Terrain/Lit (Basemap Gen)' not found
Shader 'Digger/HDRP/Mesh/Lit': dependency 'BaseMapShader' shader 'Hidden/HDRP/TerrainLit_Basemap' not found
Shader 'Digger/HDRP/Mesh/Lit': dependency 'BaseMapGenShader' shader 'Hidden/HDRP/TerrainLit_BasemapGen' not found
Shader 'Hidden/Digger/URP/Terrain/Lit (Base Pass)': fallback shader 'Hidden/Universal Render Pipeline/FallbackError' not found
WARNING: Shader Unsupported: 'Hidden/Digger/URP/Terrain/Lit (Base Pass)' - All subshaders removed
WARNING: Shader Did you use #pragma only_renderers and omit this platform?
WARNING: Shader If subshaders removal was intentional, you may have forgotten turning Fallback off?
WARNING: Shader Unsupported: 'Hidden/Digger/URP/Terrain/Lit (Base Pass)' - All subshaders removed
WARNING: Shader Did you use #pragma only_renderers and omit this platform?
WARNING: Shader If subshaders removal was intentional, you may have forgotten turning Fallback off?
Shader 'Digger/URP/Terrain/Lit': fallback shader 'Hidden/Universal Render Pipeline/FallbackError' not found
Shader 'Digger/URP/Terrain/Lit': dependency 'BaseMapShader' shader 'Digger/URP/Terrain/Lit (Base Pass)' not found
Shader 'Digger/URP/Terrain/Lit': dependency 'BaseMapGenShader' shader 'Hidden/Universal Render Pipeline/Terrain/Lit (Basemap Gen)' not found
Shader 'Digger/URP/Mesh-Pass1': fallback shader 'Hidden/Universal Render Pipeline/FallbackError' not found
Shader 'Digger/URP/Mesh-Pass3': fallback shader 'Hidden/Universal Render Pipeline/FallbackError' not found
Shader 'Digger/URP/Terrain/Lit (Add Pass)': fallback shader 'Hidden/Universal Render Pipeline/FallbackError' not found
Shader 'Digger/HDRP/Terrain/Lit': dependency 'BaseMapShader' shader 'Hidden/HDRP/TerrainLit_Basemap' not found
Shader 'Digger/HDRP/Terrain/Lit': dependency 'BaseMapGenShader' shader 'Hidden/HDRP/TerrainLit_BasemapGen' not found
Shader 'Digger/URP/Mesh-Pass2': fallback shader 'Hidden/Universal Render Pipeline/FallbackError' not found
Shader 'Hidden/Digger/URP/Terrain/Lit (Base Pass)': fallback shader 'Hidden/Universal Render Pipeline/FallbackError' not found
WARNING: Shader Unsupported: 'Hidden/Digger/URP/Terrain/Lit (Base Pass)' - All subshaders removed
WARNING: Shader Did you use #pragma only_renderers and omit this platform?
WARNING: Shader If subshaders removal was intentional, you may have forgotten turning Fallback off?
WARNING: Shader Unsupported: 'Hidden/Digger/URP/Terrain/Lit (Base Pass)' - All subshaders removed
WARNING: Shader Did you use #pragma only_renderers and omit this platform?
WARNING: Shader If subshaders removal was intentional, you may have forgotten turning Fallback off?
Shader 'Digger/HDRP/Mesh/Lit': dependency 'BaseMapShader' shader 'Hidden/HDRP/TerrainLit_Basemap' not found
Shader 'Digger/HDRP/Mesh/Lit': dependency 'BaseMapGenShader' shader 'Hidden/HDRP/TerrainLit_BasemapGen' not found
Shader 'Digger/URP/Mesh-Pass1': fallback shader 'Hidden/Universal Render Pipeline/FallbackError' not found
Shader 'Digger/URP/Mesh-Pass0': fallback shader 'Hidden/Universal Render Pipeline/FallbackError' not found
Shader 'Digger/URP/Mesh-Pass0': dependency 'TerrainShader' shader 'Universal Render Pipeline/Terrain/Lit' not found
Shader 'Digger/URP/Mesh-Pass0': dependency 'AddPassShader' shader 'Hidden/Universal Render Pipeline/Terrain/Lit (Add Pass)' not found
Shader 'Digger/URP/Mesh-Pass0': dependency 'BaseMapShader' shader 'Hidden/Universal Render Pipeline/Terrain/Lit (Base Pass)' not found
Shader 'Digger/URP/Mesh-Pass0': dependency 'BaseMapGenShader' shader 'Hidden/Universal Render Pipeline/Terrain/Lit (Basemap Gen)' not found
Shader 'Digger/URP/Mesh-Pass3': fallback shader 'Hidden/Universal Render Pipeline/FallbackError' not found
Shader 'Digger/URP/Terrain/Lit': fallback shader 'Hidden/Universal Render Pipeline/FallbackError' not found
Shader 'Digger/URP/Terrain/Lit': dependency 'BaseMapShader' shader 'Digger/URP/Terrain/Lit (Base Pass)' not found
Shader 'Digger/URP/Terrain/Lit': dependency 'BaseMapGenShader' shader 'Hidden/Universal Render Pipeline/Terrain/Lit (Basemap Gen)' not found
Refreshing native plugins compatible for Editor in 1.56 ms, found 6 plugins.
Preloading 0 native plugins for Editor in 0.00 ms.
Unloading 2711 Unused Serialized files (Serialized files now loaded: 0)
System memory in use before: 294.7 MB.
System memory in use after: 294.2 MB.

Unloading 52 unused Assets to reduce memory usage. Loaded Objects now: 3351.
Total: 4.997000 ms (FindLiveObjects: 0.250800 ms CreateObjectMapping: 0.070700 ms MarkObjects: 3.852100 ms  DeleteObjects: 0.822300 ms)

AssetImportParameters requested are different than current active one (requested -> active):
  custom:framework-win-MediaFoundation: 216162199b28c13a410421893ffa2e32 -> 
  custom:video-decoder-ogg-theora: a1e56fd34408186e4bbccfd4996cb3dc -> 
  custom:container-muxer-webm: aa71ff27fc2769a1b78a27578f13a17b -> 
  custom:container-demuxer-webm: 4f35f7cbe854078d1ac9338744f61a02 -> 
  custom:container-demuxer-ogg: 62fdf1f143b41e24485cea50d1cbac27 -> 
  custom:video-encoder-webm-vp8: eb34c28f22e8b96e1ab97ce403110664 -> 
  custom:video-decoder-webm-vp8: 9c59270c3fd7afecdb556c50c9e8de78 -> 
  custom:audio-decoder-ogg-vorbis: bf7c407c2cedff20999df2af8eb42d56 -> 
  custom:audio-encoder-webm-vorbis: bf7c407c2cedff20999df2af8eb42d56 -> 
========================================================================
Received Prepare
Registering precompiled user dll's ...
Registered in 0.009530 seconds.
Begin MonoManager ReloadAssembly
Native extension for WindowsStandalone target not found
Native extension for WebGL target not found
Refreshing native plugins compatible for Editor in 1.61 ms, found 6 plugins.
Preloading 0 native plugins for Editor in 0.00 ms.
Mono: successfully reloaded assembly
- Completed reload, in  1.246 seconds
Domain Reload Profiling:
	ReloadAssembly (1247ms)
		BeginReloadAssembly (112ms)
			ExecutionOrderSort (0ms)
			DisableScriptedObjects (4ms)
			BackupInstance (0ms)
			ReleaseScriptingObjects (0ms)
			CreateAndSetChildDomain (31ms)
		EndReloadAssembly (1078ms)
			LoadAssemblies (87ms)
			RebuildTransferFunctionScriptingTraits (0ms)
			SetupTypeCache (252ms)
			ReleaseScriptCaches (1ms)
			RebuildScriptCaches (38ms)
			SetupLoadedEditorAssemblies (587ms)
				LogAssemblyErrors (0ms)
				InitializePlatformSupportModulesInManaged (4ms)
				SetLoadedEditorAssemblies (0ms)
				RefreshPlugins (2ms)
				BeforeProcessingInitializeOnLoad (100ms)
				ProcessInitializeOnLoadAttributes (394ms)
				ProcessInitializeOnLoadMethodAttributes (77ms)
				AfterProcessingInitializeOnLoad (8ms)
				EditorAssembliesLoaded (0ms)
			ExecutionOrderSort2 (0ms)
			AwakeInstancesAfterBackupRestoration (10ms)
Platform modules already initialized, skipping
Shader 'Digger/HDRP/Terrain/Lit': dependency 'BaseMapShader' shader 'Hidden/HDRP/TerrainLit_Basemap' not found
Shader 'Digger/HDRP/Terrain/Lit': dependency 'BaseMapGenShader' shader 'Hidden/HDRP/TerrainLit_BasemapGen' not found
Shader 'Digger/URP/Mesh-Pass2': fallback shader 'Hidden/Universal Render Pipeline/FallbackError' not found
Shader 'Digger/URP/Terrain/Lit (Add Pass)': fallback shader 'Hidden/Universal Render Pipeline/FallbackError' not found
Shader 'Digger/URP/Mesh-Pass0': fallback shader 'Hidden/Universal Render Pipeline/FallbackError' not found
Shader 'Digger/URP/Mesh-Pass0': dependency 'TerrainShader' shader 'Universal Render Pipeline/Terrain/Lit' not found
Shader 'Digger/URP/Mesh-Pass0': dependency 'AddPassShader' shader 'Hidden/Universal Render Pipeline/Terrain/Lit (Add Pass)' not found
Shader 'Digger/URP/Mesh-Pass0': dependency 'BaseMapShader' shader 'Hidden/Universal Render Pipeline/Terrain/Lit (Base Pass)' not found
Shader 'Digger/URP/Mesh-Pass0': dependency 'BaseMapGenShader' shader 'Hidden/Universal Render Pipeline/Terrain/Lit (Basemap Gen)' not found
Shader 'Digger/HDRP/Mesh/Lit': dependency 'BaseMapShader' shader 'Hidden/HDRP/TerrainLit_Basemap' not found
Shader 'Digger/HDRP/Mesh/Lit': dependency 'BaseMapGenShader' shader 'Hidden/HDRP/TerrainLit_BasemapGen' not found
Shader 'Hidden/Digger/URP/Terrain/Lit (Base Pass)': fallback shader 'Hidden/Universal Render Pipeline/FallbackError' not found
WARNING: Shader Unsupported: 'Hidden/Digger/URP/Terrain/Lit (Base Pass)' - All subshaders removed
WARNING: Shader Did you use #pragma only_renderers and omit this platform?
WARNING: Shader If subshaders removal was intentional, you may have forgotten turning Fallback off?
WARNING: Shader Unsupported: 'Hidden/Digger/URP/Terrain/Lit (Base Pass)' - All subshaders removed
WARNING: Shader Did you use #pragma only_renderers and omit this platform?
WARNING: Shader If subshaders removal was intentional, you may have forgotten turning Fallback off?
Shader 'Digger/URP/Terrain/Lit': fallback shader 'Hidden/Universal Render Pipeline/FallbackError' not found
Shader 'Digger/URP/Terrain/Lit': dependency 'BaseMapShader' shader 'Digger/URP/Terrain/Lit (Base Pass)' not found
Shader 'Digger/URP/Terrain/Lit': dependency 'BaseMapGenShader' shader 'Hidden/Universal Render Pipeline/Terrain/Lit (Basemap Gen)' not found
Shader 'Digger/URP/Mesh-Pass1': fallback shader 'Hidden/Universal Render Pipeline/FallbackError' not found
Shader 'Digger/URP/Mesh-Pass3': fallback shader 'Hidden/Universal Render Pipeline/FallbackError' not found
Shader 'Digger/URP/Terrain/Lit': fallback shader 'Hidden/Universal Render Pipeline/FallbackError' not found
Shader 'Digger/URP/Terrain/Lit (Add Pass)': fallback shader 'Hidden/Universal Render Pipeline/FallbackError' not found
Shader 'Digger/URP/Terrain/Lit': dependency 'BaseMapShader' shader 'Digger/URP/Terrain/Lit (Base Pass)' not found
Shader 'Digger/URP/Terrain/Lit': dependency 'BaseMapGenShader' shader 'Hidden/Universal Render Pipeline/Terrain/Lit (Basemap Gen)' not found
Shader 'Digger/URP/Mesh-Pass3': fallback shader 'Hidden/Universal Render Pipeline/FallbackError' not found
Shader 'Digger/URP/Mesh-Pass2': fallback shader 'Hidden/Universal Render Pipeline/FallbackError' not found
Shader 'Digger/HDRP/Mesh/Lit': dependency 'BaseMapShader' shader 'Hidden/HDRP/TerrainLit_Basemap' not found
Shader 'Digger/HDRP/Mesh/Lit': dependency 'BaseMapGenShader' shader 'Hidden/HDRP/TerrainLit_BasemapGen' not found
Shader 'Digger/HDRP/Terrain/Lit': dependency 'BaseMapShader' shader 'Hidden/HDRP/TerrainLit_Basemap' not found
Shader 'Digger/HDRP/Terrain/Lit': dependency 'BaseMapGenShader' shader 'Hidden/HDRP/TerrainLit_BasemapGen' not found
Shader 'Digger/URP/Mesh-Pass1': fallback shader 'Hidden/Universal Render Pipeline/FallbackError' not found
Shader 'Hidden/Digger/URP/Terrain/Lit (Base Pass)': fallback shader 'Hidden/Universal Render Pipeline/FallbackError' not found
WARNING: Shader Unsupported: 'Hidden/Digger/URP/Terrain/Lit (Base Pass)' - All subshaders removed
WARNING: Shader Did you use #pragma only_renderers and omit this platform?
WARNING: Shader If subshaders removal was intentional, you may have forgotten turning Fallback off?
WARNING: Shader Unsupported: 'Hidden/Digger/URP/Terrain/Lit (Base Pass)' - All subshaders removed
WARNING: Shader Did you use #pragma only_renderers and omit this platform?
WARNING: Shader If subshaders removal was intentional, you may have forgotten turning Fallback off?
Shader 'Digger/URP/Mesh-Pass0': fallback shader 'Hidden/Universal Render Pipeline/FallbackError' not found
Shader 'Digger/URP/Mesh-Pass0': dependency 'TerrainShader' shader 'Universal Render Pipeline/Terrain/Lit' not found
Shader 'Digger/URP/Mesh-Pass0': dependency 'AddPassShader' shader 'Hidden/Universal Render Pipeline/Terrain/Lit (Add Pass)' not found
Shader 'Digger/URP/Mesh-Pass0': dependency 'BaseMapShader' shader 'Hidden/Universal Render Pipeline/Terrain/Lit (Base Pass)' not found
Shader 'Digger/URP/Mesh-Pass0': dependency 'BaseMapGenShader' shader 'Hidden/Universal Render Pipeline/Terrain/Lit (Basemap Gen)' not found
Shader 'Digger/URP/Terrain/Lit (Add Pass)': fallback shader 'Hidden/Universal Render Pipeline/FallbackError' not found
Refreshing native plugins compatible for Editor in 1.52 ms, found 6 plugins.
Preloading 0 native plugins for Editor in 0.00 ms.
Unloading 2711 Unused Serialized files (Serialized files now loaded: 0)
System memory in use before: 294.7 MB.
System memory in use after: 294.2 MB.

Unloading 52 unused Assets to reduce memory usage. Loaded Objects now: 3354.
Total: 3.970000 ms (FindLiveObjects: 0.276800 ms CreateObjectMapping: 0.074000 ms MarkObjects: 2.965900 ms  DeleteObjects: 0.652200 ms)

AssetImportParameters requested are different than current active one (requested -> active):
  custom:framework-win-MediaFoundation: 216162199b28c13a410421893ffa2e32 -> 
  custom:video-decoder-ogg-theora: a1e56fd34408186e4bbccfd4996cb3dc -> 
  custom:container-muxer-webm: aa71ff27fc2769a1b78a27578f13a17b -> 
  custom:container-demuxer-webm: 4f35f7cbe854078d1ac9338744f61a02 -> 
  custom:container-demuxer-ogg: 62fdf1f143b41e24485cea50d1cbac27 -> 
  custom:video-encoder-webm-vp8: eb34c28f22e8b96e1ab97ce403110664 -> 
  custom:video-decoder-webm-vp8: 9c59270c3fd7afecdb556c50c9e8de78 -> 
  custom:audio-decoder-ogg-vorbis: bf7c407c2cedff20999df2af8eb42d56 -> 
  custom:audio-encoder-webm-vorbis: bf7c407c2cedff20999df2af8eb42d56 -> 
========================================================================
Received Prepare
Registering precompiled user dll's ...
Registered in 0.010554 seconds.
Begin MonoManager ReloadAssembly
Native extension for WindowsStandalone target not found
Native extension for WebGL target not found
Refreshing native plugins compatible for Editor in 1.52 ms, found 6 plugins.
Preloading 0 native plugins for Editor in 0.00 ms.
Mono: successfully reloaded assembly
- Completed reload, in  1.308 seconds
Domain Reload Profiling:
	ReloadAssembly (1309ms)
		BeginReloadAssembly (112ms)
			ExecutionOrderSort (0ms)
			DisableScriptedObjects (4ms)
			BackupInstance (0ms)
			ReleaseScriptingObjects (0ms)
			CreateAndSetChildDomain (33ms)
		EndReloadAssembly (1137ms)
			LoadAssemblies (90ms)
			RebuildTransferFunctionScriptingTraits (0ms)
			SetupTypeCache (277ms)
			ReleaseScriptCaches (1ms)
			RebuildScriptCaches (39ms)
			SetupLoadedEditorAssemblies (618ms)
				LogAssemblyErrors (0ms)
				InitializePlatformSupportModulesInManaged (5ms)
				SetLoadedEditorAssemblies (0ms)
				RefreshPlugins (2ms)
				BeforeProcessingInitializeOnLoad (105ms)
				ProcessInitializeOnLoadAttributes (420ms)
				ProcessInitializeOnLoadMethodAttributes (79ms)
				AfterProcessingInitializeOnLoad (7ms)
				EditorAssembliesLoaded (0ms)
			ExecutionOrderSort2 (0ms)
			AwakeInstancesAfterBackupRestoration (9ms)
Platform modules already initialized, skipping
Shader 'Digger/HDRP/Terrain/Lit': dependency 'BaseMapShader' shader 'Hidden/HDRP/TerrainLit_Basemap' not found
Shader 'Digger/HDRP/Terrain/Lit': dependency 'BaseMapGenShader' shader 'Hidden/HDRP/TerrainLit_BasemapGen' not found
Shader 'Digger/URP/Mesh-Pass2': fallback shader 'Hidden/Universal Render Pipeline/FallbackError' not found
Shader 'Digger/URP/Terrain/Lit (Add Pass)': fallback shader 'Hidden/Universal Render Pipeline/FallbackError' not found
Shader 'Digger/URP/Mesh-Pass0': fallback shader 'Hidden/Universal Render Pipeline/FallbackError' not found
Shader 'Digger/URP/Mesh-Pass0': dependency 'TerrainShader' shader 'Universal Render Pipeline/Terrain/Lit' not found
Shader 'Digger/URP/Mesh-Pass0': dependency 'AddPassShader' shader 'Hidden/Universal Render Pipeline/Terrain/Lit (Add Pass)' not found
Shader 'Digger/URP/Mesh-Pass0': dependency 'BaseMapShader' shader 'Hidden/Universal Render Pipeline/Terrain/Lit (Base Pass)' not found
Shader 'Digger/URP/Mesh-Pass0': dependency 'BaseMapGenShader' shader 'Hidden/Universal Render Pipeline/Terrain/Lit (Basemap Gen)' not found
Shader 'Digger/HDRP/Mesh/Lit': dependency 'BaseMapShader' shader 'Hidden/HDRP/TerrainLit_Basemap' not found
Shader 'Digger/HDRP/Mesh/Lit': dependency 'BaseMapGenShader' shader 'Hidden/HDRP/TerrainLit_BasemapGen' not found
Shader 'Hidden/Digger/URP/Terrain/Lit (Base Pass)': fallback shader 'Hidden/Universal Render Pipeline/FallbackError' not found
WARNING: Shader Unsupported: 'Hidden/Digger/URP/Terrain/Lit (Base Pass)' - All subshaders removed
WARNING: Shader Did you use #pragma only_renderers and omit this platform?
WARNING: Shader If subshaders removal was intentional, you may have forgotten turning Fallback off?
WARNING: Shader Unsupported: 'Hidden/Digger/URP/Terrain/Lit (Base Pass)' - All subshaders removed
WARNING: Shader Did you use #pragma only_renderers and omit this platform?
WARNING: Shader If subshaders removal was intentional, you may have forgotten turning Fallback off?
Shader 'Digger/URP/Terrain/Lit': fallback shader 'Hidden/Universal Render Pipeline/FallbackError' not found
Shader 'Digger/URP/Terrain/Lit': dependency 'BaseMapShader' shader 'Digger/URP/Terrain/Lit (Base Pass)' not found
Shader 'Digger/URP/Terrain/Lit': dependency 'BaseMapGenShader' shader 'Hidden/Universal Render Pipeline/Terrain/Lit (Basemap Gen)' not found
Shader 'Digger/URP/Mesh-Pass1': fallback shader 'Hidden/Universal Render Pipeline/FallbackError' not found
Shader 'Digger/URP/Mesh-Pass3': fallback shader 'Hidden/Universal Render Pipeline/FallbackError' not found
Shader 'Digger/URP/Mesh-Pass1': fallback shader 'Hidden/Universal Render Pipeline/FallbackError' not found
Shader 'Digger/URP/Terrain/Lit (Add Pass)': fallback shader 'Hidden/Universal Render Pipeline/FallbackError' not found
Shader 'Hidden/Digger/URP/Terrain/Lit (Base Pass)': fallback shader 'Hidden/Universal Render Pipeline/FallbackError' not found
WARNING: Shader Unsupported: 'Hidden/Digger/URP/Terrain/Lit (Base Pass)' - All subshaders removed
WARNING: Shader Did you use #pragma only_renderers and omit this platform?
WARNING: Shader If subshaders removal was intentional, you may have forgotten turning Fallback off?
WARNING: Shader Unsupported: 'Hidden/Digger/URP/Terrain/Lit (Base Pass)' - All subshaders removed
WARNING: Shader Did you use #pragma only_renderers and omit this platform?
WARNING: Shader If subshaders removal was intentional, you may have forgotten turning Fallback off?
Shader 'Digger/HDRP/Mesh/Lit': dependency 'BaseMapShader' shader 'Hidden/HDRP/TerrainLit_Basemap' not found
Shader 'Digger/HDRP/Mesh/Lit': dependency 'BaseMapGenShader' shader 'Hidden/HDRP/TerrainLit_BasemapGen' not found
Shader 'Digger/HDRP/Terrain/Lit': dependency 'BaseMapShader' shader 'Hidden/HDRP/TerrainLit_Basemap' not found
Shader 'Digger/HDRP/Terrain/Lit': dependency 'BaseMapGenShader' shader 'Hidden/HDRP/TerrainLit_BasemapGen' not found
Shader 'Digger/URP/Mesh-Pass2': fallback shader 'Hidden/Universal Render Pipeline/FallbackError' not found
Shader 'Digger/URP/Mesh-Pass0': fallback shader 'Hidden/Universal Render Pipeline/FallbackError' not found
Shader 'Digger/URP/Mesh-Pass0': dependency 'TerrainShader' shader 'Universal Render Pipeline/Terrain/Lit' not found
Shader 'Digger/URP/Mesh-Pass0': dependency 'AddPassShader' shader 'Hidden/Universal Render Pipeline/Terrain/Lit (Add Pass)' not found
Shader 'Digger/URP/Mesh-Pass0': dependency 'BaseMapShader' shader 'Hidden/Universal Render Pipeline/Terrain/Lit (Base Pass)' not found
Shader 'Digger/URP/Mesh-Pass0': dependency 'BaseMapGenShader' shader 'Hidden/Universal Render Pipeline/Terrain/Lit (Basemap Gen)' not found
Shader 'Digger/URP/Mesh-Pass3': fallback shader 'Hidden/Universal Render Pipeline/FallbackError' not found
Shader 'Digger/URP/Terrain/Lit': fallback shader 'Hidden/Universal Render Pipeline/FallbackError' not found
Shader 'Digger/URP/Terrain/Lit': dependency 'BaseMapShader' shader 'Digger/URP/Terrain/Lit (Base Pass)' not found
Shader 'Digger/URP/Terrain/Lit': dependency 'BaseMapGenShader' shader 'Hidden/Universal Render Pipeline/Terrain/Lit (Basemap Gen)' not found
Refreshing native plugins compatible for Editor in 1.57 ms, found 6 plugins.
Preloading 0 native plugins for Editor in 0.00 ms.
Unloading 2711 Unused Serialized files (Serialized files now loaded: 0)
System memory in use before: 294.7 MB.
System memory in use after: 294.3 MB.

Unloading 52 unused Assets to reduce memory usage. Loaded Objects now: 3357.
Total: 4.504800 ms (FindLiveObjects: 0.283000 ms CreateObjectMapping: 0.087200 ms MarkObjects: 3.500300 ms  DeleteObjects: 0.632900 ms)

AssetImportParameters requested are different than current active one (requested -> active):
  custom:framework-win-MediaFoundation: 216162199b28c13a410421893ffa2e32 -> 
  custom:video-decoder-ogg-theora: a1e56fd34408186e4bbccfd4996cb3dc -> 
  custom:container-muxer-webm: aa71ff27fc2769a1b78a27578f13a17b -> 
  custom:container-demuxer-webm: 4f35f7cbe854078d1ac9338744f61a02 -> 
  custom:container-demuxer-ogg: 62fdf1f143b41e24485cea50d1cbac27 -> 
  custom:video-encoder-webm-vp8: eb34c28f22e8b96e1ab97ce403110664 -> 
  custom:video-decoder-webm-vp8: 9c59270c3fd7afecdb556c50c9e8de78 -> 
  custom:audio-decoder-ogg-vorbis: bf7c407c2cedff20999df2af8eb42d56 -> 
  custom:audio-encoder-webm-vorbis: bf7c407c2cedff20999df2af8eb42d56 -> 
========================================================================
Received Prepare
Registering precompiled user dll's ...
Registered in 0.010482 seconds.
Begin MonoManager ReloadAssembly
Native extension for WindowsStandalone target not found
Native extension for WebGL target not found
Refreshing native plugins compatible for Editor in 1.52 ms, found 6 plugins.
Preloading 0 native plugins for Editor in 0.00 ms.
Mono: successfully reloaded assembly
- Completed reload, in  1.249 seconds
Domain Reload Profiling:
	ReloadAssembly (1250ms)
		BeginReloadAssembly (104ms)
			ExecutionOrderSort (0ms)
			DisableScriptedObjects (4ms)
			BackupInstance (0ms)
			ReleaseScriptingObjects (0ms)
			CreateAndSetChildDomain (30ms)
		EndReloadAssembly (1090ms)
			LoadAssemblies (77ms)
			RebuildTransferFunctionScriptingTraits (0ms)
			SetupTypeCache (249ms)
			ReleaseScriptCaches (1ms)
			RebuildScriptCaches (45ms)
			SetupLoadedEditorAssemblies (590ms)
				LogAssemblyErrors (0ms)
				InitializePlatformSupportModulesInManaged (4ms)
				SetLoadedEditorAssemblies (0ms)
				RefreshPlugins (2ms)
				BeforeProcessingInitializeOnLoad (101ms)
				ProcessInitializeOnLoadAttributes (392ms)
				ProcessInitializeOnLoadMethodAttributes (84ms)
				AfterProcessingInitializeOnLoad (7ms)
				EditorAssembliesLoaded (0ms)
			ExecutionOrderSort2 (0ms)
			AwakeInstancesAfterBackupRestoration (9ms)
Platform modules already initialized, skipping
Shader 'Digger/HDRP/Terrain/Lit': dependency 'BaseMapShader' shader 'Hidden/HDRP/TerrainLit_Basemap' not found
Shader 'Digger/HDRP/Terrain/Lit': dependency 'BaseMapGenShader' shader 'Hidden/HDRP/TerrainLit_BasemapGen' not found
Shader 'Digger/URP/Mesh-Pass2': fallback shader 'Hidden/Universal Render Pipeline/FallbackError' not found
Shader 'Digger/URP/Terrain/Lit (Add Pass)': fallback shader 'Hidden/Universal Render Pipeline/FallbackError' not found
Shader 'Digger/URP/Mesh-Pass0': fallback shader 'Hidden/Universal Render Pipeline/FallbackError' not found
Shader 'Digger/URP/Mesh-Pass0': dependency 'TerrainShader' shader 'Universal Render Pipeline/Terrain/Lit' not found
Shader 'Digger/URP/Mesh-Pass0': dependency 'AddPassShader' shader 'Hidden/Universal Render Pipeline/Terrain/Lit (Add Pass)' not found
Shader 'Digger/URP/Mesh-Pass0': dependency 'BaseMapShader' shader 'Hidden/Universal Render Pipeline/Terrain/Lit (Base Pass)' not found
Shader 'Digger/URP/Mesh-Pass0': dependency 'BaseMapGenShader' shader 'Hidden/Universal Render Pipeline/Terrain/Lit (Basemap Gen)' not found
Shader 'Digger/HDRP/Mesh/Lit': dependency 'BaseMapShader' shader 'Hidden/HDRP/TerrainLit_Basemap' not found
Shader 'Digger/HDRP/Mesh/Lit': dependency 'BaseMapGenShader' shader 'Hidden/HDRP/TerrainLit_BasemapGen' not found
Shader 'Hidden/Digger/URP/Terrain/Lit (Base Pass)': fallback shader 'Hidden/Universal Render Pipeline/FallbackError' not found
WARNING: Shader Unsupported: 'Hidden/Digger/URP/Terrain/Lit (Base Pass)' - All subshaders removed
WARNING: Shader Did you use #pragma only_renderers and omit this platform?
WARNING: Shader If subshaders removal was intentional, you may have forgotten turning Fallback off?
WARNING: Shader Unsupported: 'Hidden/Digger/URP/Terrain/Lit (Base Pass)' - All subshaders removed
WARNING: Shader Did you use #pragma only_renderers and omit this platform?
WARNING: Shader If subshaders removal was intentional, you may have forgotten turning Fallback off?
Shader 'Digger/URP/Terrain/Lit': fallback shader 'Hidden/Universal Render Pipeline/FallbackError' not found
Shader 'Digger/URP/Terrain/Lit': dependency 'BaseMapShader' shader 'Digger/URP/Terrain/Lit (Base Pass)' not found
Shader 'Digger/URP/Terrain/Lit': dependency 'BaseMapGenShader' shader 'Hidden/Universal Render Pipeline/Terrain/Lit (Basemap Gen)' not found
Shader 'Digger/URP/Mesh-Pass1': fallback shader 'Hidden/Universal Render Pipeline/FallbackError' not found
Shader 'Digger/URP/Mesh-Pass3': fallback shader 'Hidden/Universal Render Pipeline/FallbackError' not found
Shader 'Digger/HDRP/Terrain/Lit': dependency 'BaseMapShader' shader 'Hidden/HDRP/TerrainLit_Basemap' not found
Shader 'Digger/HDRP/Terrain/Lit': dependency 'BaseMapGenShader' shader 'Hidden/HDRP/TerrainLit_BasemapGen' not found
Shader 'Digger/URP/Mesh-Pass0': fallback shader 'Hidden/Universal Render Pipeline/FallbackError' not found
Shader 'Digger/URP/Mesh-Pass0': dependency 'TerrainShader' shader 'Universal Render Pipeline/Terrain/Lit' not found
Shader 'Digger/URP/Mesh-Pass0': dependency 'AddPassShader' shader 'Hidden/Universal Render Pipeline/Terrain/Lit (Add Pass)' not found
Shader 'Digger/URP/Mesh-Pass0': dependency 'BaseMapShader' shader 'Hidden/Universal Render Pipeline/Terrain/Lit (Base Pass)' not found
Shader 'Digger/URP/Mesh-Pass0': dependency 'BaseMapGenShader' shader 'Hidden/Universal Render Pipeline/Terrain/Lit (Basemap Gen)' not found
Shader 'Hidden/Digger/URP/Terrain/Lit (Base Pass)': fallback shader 'Hidden/Universal Render Pipeline/FallbackError' not found
WARNING: Shader Unsupported: 'Hidden/Digger/URP/Terrain/Lit (Base Pass)' - All subshaders removed
WARNING: Shader Did you use #pragma only_renderers and omit this platform?
WARNING: Shader If subshaders removal was intentional, you may have forgotten turning Fallback off?
WARNING: Shader Unsupported: 'Hidden/Digger/URP/Terrain/Lit (Base Pass)' - All subshaders removed
WARNING: Shader Did you use #pragma only_renderers and omit this platform?
WARNING: Shader If subshaders removal was intentional, you may have forgotten turning Fallback off?
Shader 'Digger/HDRP/Mesh/Lit': dependency 'BaseMapShader' shader 'Hidden/HDRP/TerrainLit_Basemap' not found
Shader 'Digger/HDRP/Mesh/Lit': dependency 'BaseMapGenShader' shader 'Hidden/HDRP/TerrainLit_BasemapGen' not found
Shader 'Digger/URP/Terrain/Lit (Add Pass)': fallback shader 'Hidden/Universal Render Pipeline/FallbackError' not found
Shader 'Digger/URP/Mesh-Pass3': fallback shader 'Hidden/Universal Render Pipeline/FallbackError' not found
Shader 'Digger/URP/Terrain/Lit': fallback shader 'Hidden/Universal Render Pipeline/FallbackError' not found
Shader 'Digger/URP/Terrain/Lit': dependency 'BaseMapShader' shader 'Digger/URP/Terrain/Lit (Base Pass)' not found
Shader 'Digger/URP/Terrain/Lit': dependency 'BaseMapGenShader' shader 'Hidden/Universal Render Pipeline/Terrain/Lit (Basemap Gen)' not found
Shader 'Digger/URP/Mesh-Pass1': fallback shader 'Hidden/Universal Render Pipeline/FallbackError' not found
Shader 'Digger/URP/Mesh-Pass2': fallback shader 'Hidden/Universal Render Pipeline/FallbackError' not found
Refreshing native plugins compatible for Editor in 1.58 ms, found 6 plugins.
Preloading 0 native plugins for Editor in 0.00 ms.
Unloading 2711 Unused Serialized files (Serialized files now loaded: 0)
System memory in use before: 294.8 MB.
System memory in use after: 294.3 MB.

Unloading 52 unused Assets to reduce memory usage. Loaded Objects now: 3360.
Total: 3.991400 ms (FindLiveObjects: 0.283300 ms CreateObjectMapping: 0.077100 ms MarkObjects: 2.842900 ms  DeleteObjects: 0.786800 ms)

AssetImportParameters requested are different than current active one (requested -> active):
  custom:framework-win-MediaFoundation: 216162199b28c13a410421893ffa2e32 -> 
  custom:video-decoder-ogg-theora: a1e56fd34408186e4bbccfd4996cb3dc -> 
  custom:container-muxer-webm: aa71ff27fc2769a1b78a27578f13a17b -> 
  custom:container-demuxer-webm: 4f35f7cbe854078d1ac9338744f61a02 -> 
  custom:container-demuxer-ogg: 62fdf1f143b41e24485cea50d1cbac27 -> 
  custom:video-encoder-webm-vp8: eb34c28f22e8b96e1ab97ce403110664 -> 
  custom:video-decoder-webm-vp8: 9c59270c3fd7afecdb556c50c9e8de78 -> 
  custom:audio-decoder-ogg-vorbis: bf7c407c2cedff20999df2af8eb42d56 -> 
  custom:audio-encoder-webm-vorbis: bf7c407c2cedff20999df2af8eb42d56 -> 
========================================================================
Received Prepare
Registering precompiled user dll's ...
Registered in 0.009367 seconds.
Begin MonoManager ReloadAssembly
Native extension for WindowsStandalone target not found
Native extension for WebGL target not found
Refreshing native plugins compatible for Editor in 1.84 ms, found 6 plugins.
Preloading 0 native plugins for Editor in 0.00 ms.
Mono: successfully reloaded assembly
- Completed reload, in  1.323 seconds
Domain Reload Profiling:
	ReloadAssembly (1324ms)
		BeginReloadAssembly (90ms)
			ExecutionOrderSort (0ms)
			DisableScriptedObjects (4ms)
			BackupInstance (0ms)
			ReleaseScriptingObjects (0ms)
			CreateAndSetChildDomain (29ms)
		EndReloadAssembly (1167ms)
			LoadAssemblies (78ms)
			RebuildTransferFunctionScriptingTraits (0ms)
			SetupTypeCache (256ms)
			ReleaseScriptCaches (1ms)
			RebuildScriptCaches (41ms)
			SetupLoadedEditorAssemblies (667ms)
				LogAssemblyErrors (0ms)
				InitializePlatformSupportModulesInManaged (5ms)
				SetLoadedEditorAssemblies (1ms)
				RefreshPlugins (2ms)
				BeforeProcessingInitializeOnLoad (111ms)
				ProcessInitializeOnLoadAttributes (453ms)
				ProcessInitializeOnLoadMethodAttributes (87ms)
				AfterProcessingInitializeOnLoad (9ms)
				EditorAssembliesLoaded (0ms)
			ExecutionOrderSort2 (0ms)
			AwakeInstancesAfterBackupRestoration (10ms)
Platform modules already initialized, skipping
Shader 'Digger/HDRP/Terrain/Lit': dependency 'BaseMapShader' shader 'Hidden/HDRP/TerrainLit_Basemap' not found
Shader 'Digger/HDRP/Terrain/Lit': dependency 'BaseMapGenShader' shader 'Hidden/HDRP/TerrainLit_BasemapGen' not found
Shader 'Digger/URP/Mesh-Pass2': fallback shader 'Hidden/Universal Render Pipeline/FallbackError' not found
Shader 'Digger/URP/Terrain/Lit (Add Pass)': fallback shader 'Hidden/Universal Render Pipeline/FallbackError' not found
Shader 'Digger/URP/Mesh-Pass0': fallback shader 'Hidden/Universal Render Pipeline/FallbackError' not found
Shader 'Digger/URP/Mesh-Pass0': dependency 'TerrainShader' shader 'Universal Render Pipeline/Terrain/Lit' not found
Shader 'Digger/URP/Mesh-Pass0': dependency 'AddPassShader' shader 'Hidden/Universal Render Pipeline/Terrain/Lit (Add Pass)' not found
Shader 'Digger/URP/Mesh-Pass0': dependency 'BaseMapShader' shader 'Hidden/Universal Render Pipeline/Terrain/Lit (Base Pass)' not found
Shader 'Digger/URP/Mesh-Pass0': dependency 'BaseMapGenShader' shader 'Hidden/Universal Render Pipeline/Terrain/Lit (Basemap Gen)' not found
Shader 'Digger/HDRP/Mesh/Lit': dependency 'BaseMapShader' shader 'Hidden/HDRP/TerrainLit_Basemap' not found
Shader 'Digger/HDRP/Mesh/Lit': dependency 'BaseMapGenShader' shader 'Hidden/HDRP/TerrainLit_BasemapGen' not found
Shader 'Hidden/Digger/URP/Terrain/Lit (Base Pass)': fallback shader 'Hidden/Universal Render Pipeline/FallbackError' not found
WARNING: Shader Unsupported: 'Hidden/Digger/URP/Terrain/Lit (Base Pass)' - All subshaders removed
WARNING: Shader Did you use #pragma only_renderers and omit this platform?
WARNING: Shader If subshaders removal was intentional, you may have forgotten turning Fallback off?
WARNING: Shader Unsupported: 'Hidden/Digger/URP/Terrain/Lit (Base Pass)' - All subshaders removed
WARNING: Shader Did you use #pragma only_renderers and omit this platform?
WARNING: Shader If subshaders removal was intentional, you may have forgotten turning Fallback off?
Shader 'Digger/URP/Terrain/Lit': fallback shader 'Hidden/Universal Render Pipeline/FallbackError' not found
Shader 'Digger/URP/Terrain/Lit': dependency 'BaseMapShader' shader 'Digger/URP/Terrain/Lit (Base Pass)' not found
Shader 'Digger/URP/Terrain/Lit': dependency 'BaseMapGenShader' shader 'Hidden/Universal Render Pipeline/Terrain/Lit (Basemap Gen)' not found
Shader 'Digger/URP/Mesh-Pass1': fallback shader 'Hidden/Universal Render Pipeline/FallbackError' not found
Shader 'Digger/URP/Mesh-Pass3': fallback shader 'Hidden/Universal Render Pipeline/FallbackError' not found
Shader 'Digger/URP/Terrain/Lit': fallback shader 'Hidden/Universal Render Pipeline/FallbackError' not found
Shader 'Digger/URP/Terrain/Lit (Add Pass)': fallback shader 'Hidden/Universal Render Pipeline/FallbackError' not found
Shader 'Digger/URP/Terrain/Lit': dependency 'BaseMapShader' shader 'Digger/URP/Terrain/Lit (Base Pass)' not found
Shader 'Digger/URP/Terrain/Lit': dependency 'BaseMapGenShader' shader 'Hidden/Universal Render Pipeline/Terrain/Lit (Basemap Gen)' not found
Shader 'Digger/HDRP/Terrain/Lit': dependency 'BaseMapShader' shader 'Hidden/HDRP/TerrainLit_Basemap' not found
Shader 'Digger/HDRP/Terrain/Lit': dependency 'BaseMapGenShader' shader 'Hidden/HDRP/TerrainLit_BasemapGen' not found
Shader 'Digger/URP/Mesh-Pass1': fallback shader 'Hidden/Universal Render Pipeline/FallbackError' not found
Shader 'Digger/HDRP/Mesh/Lit': dependency 'BaseMapShader' shader 'Hidden/HDRP/TerrainLit_Basemap' not found
Shader 'Digger/HDRP/Mesh/Lit': dependency 'BaseMapGenShader' shader 'Hidden/HDRP/TerrainLit_BasemapGen' not found
Shader 'Digger/URP/Terrain/Lit (Add Pass)': fallback shader 'Hidden/Universal Render Pipeline/FallbackError' not found
Shader 'Hidden/Digger/URP/Terrain/Lit (Base Pass)': fallback shader 'Hidden/Universal Render Pipeline/FallbackError' not found
WARNING: Shader Unsupported: 'Hidden/Digger/URP/Terrain/Lit (Base Pass)' - All subshaders removed
WARNING: Shader Did you use #pragma only_renderers and omit this platform?
WARNING: Shader If subshaders removal was intentional, you may have forgotten turning Fallback off?
WARNING: Shader Unsupported: 'Hidden/Digger/URP/Terrain/Lit (Base Pass)' - All subshaders removed
WARNING: Shader Did you use #pragma only_renderers and omit this platform?
WARNING: Shader If subshaders removal was intentional, you may have forgotten turning Fallback off?
Shader 'Digger/URP/Mesh-Pass3': fallback shader 'Hidden/Universal Render Pipeline/FallbackError' not found
Shader 'Digger/URP/Mesh-Pass0': fallback shader 'Hidden/Universal Render Pipeline/FallbackError' not found
Shader 'Digger/URP/Mesh-Pass0': dependency 'TerrainShader' shader 'Universal Render Pipeline/Terrain/Lit' not found
Shader 'Digger/URP/Mesh-Pass0': dependency 'AddPassShader' shader 'Hidden/Universal Render Pipeline/Terrain/Lit (Add Pass)' not found
Shader 'Digger/URP/Mesh-Pass0': dependency 'BaseMapShader' shader 'Hidden/Universal Render Pipeline/Terrain/Lit (Base Pass)' not found
Shader 'Digger/URP/Mesh-Pass0': dependency 'BaseMapGenShader' shader 'Hidden/Universal Render Pipeline/Terrain/Lit (Basemap Gen)' not found
Shader 'Digger/URP/Mesh-Pass2': fallback shader 'Hidden/Universal Render Pipeline/FallbackError' not found
Refreshing native plugins compatible for Editor in 2.14 ms, found 6 plugins.
Preloading 0 native plugins for Editor in 0.00 ms.
Unloading 2711 Unused Serialized files (Serialized files now loaded: 0)
System memory in use before: 294.8 MB.
System memory in use after: 294.3 MB.

Unloading 52 unused Assets to reduce memory usage. Loaded Objects now: 3363.
Total: 4.894600 ms (FindLiveObjects: 0.257900 ms CreateObjectMapping: 0.069900 ms MarkObjects: 3.703000 ms  DeleteObjects: 0.862600 ms)

AssetImportParameters requested are different than current active one (requested -> active):
  custom:framework-win-MediaFoundation: 216162199b28c13a410421893ffa2e32 -> 
  custom:video-decoder-ogg-theora: a1e56fd34408186e4bbccfd4996cb3dc -> 
  custom:container-muxer-webm: aa71ff27fc2769a1b78a27578f13a17b -> 
  custom:container-demuxer-webm: 4f35f7cbe854078d1ac9338744f61a02 -> 
  custom:container-demuxer-ogg: 62fdf1f143b41e24485cea50d1cbac27 -> 
  custom:video-encoder-webm-vp8: eb34c28f22e8b96e1ab97ce403110664 -> 
  custom:video-decoder-webm-vp8: 9c59270c3fd7afecdb556c50c9e8de78 -> 
  custom:audio-decoder-ogg-vorbis: bf7c407c2cedff20999df2af8eb42d56 -> 
  custom:audio-encoder-webm-vorbis: bf7c407c2cedff20999df2af8eb42d56 -> 
AssetImportWorkerClient::OnTransportError - code=2 error=End of file
