
04/17/2022 20:50 -  - RunLoadedGraph-TTerraworldGenerator.cs-38
04/17/2022 20:50 -  - CreateWorld-TTerrainGenerator.cs-152
04/17/2022 20:50 -  - ResetGraphsStatus-TTerraWorldGraph.cs-762
04/17/2022 20:50 -  - ResetNodesStatus-TModules.cs-350
04/17/2022 20:50 -  - ResetNodesStatus-TModules.cs-350
04/17/2022 20:50 -  - ResetNodesStatus-TModules.cs-350
04/17/2022 20:50 -  - ResetNodesStatus-TModules.cs-350
04/17/2022 20:50 -  - ResetNodesStatus-TModules.cs-350
04/17/2022 20:50 -  - ResetNodesStatus-TModules.cs-350
04/17/2022 20:50 -  - ResetNodesStatus-TModules.cs-350
04/17/2022 20:50 -  - CheckConnections-TTerraWorldGraph.cs-595
04/17/2022 20:50 - Fetching Data From Servers... - CreateWorld-TTerrainGenerator.cs-179
04/17/2022 20:50 -  - InitBGTerrain-TTerrainGenerator.cs-191
04/17/2022 20:50 -  - InitMainTerrains-TTerrainGenerator.cs-216
04/17/2022 20:50 -  - .ctor-TTerraWorld.cs-348
04/17/2022 20:50 -  - UpdateTerraWorld-TTerraWorld.cs-364
04/17/2022 20:50 -  - GenerateTerrains-TTerraWorld.cs-355
04/17/2022 20:50 -  - UpdateTerrain-TTerrain.cs-82
04/17/2022 20:50 -  - .ctor-TMap.cs-56
04/17/2022 20:50 -  - Initialize-TMap.cs-106
04/17/2022 20:50 -  - UpdateMap-TMap.cs-273
04/17/2022 20:50 -  - UpdateImageryData-TMap.cs-319
04/17/2022 20:50 -  - UpdateElevationData-TMap.cs-308
04/17/2022 20:50 -  - AfterDataDownloaded-TMap.cs-360
04/17/2022 20:50 -  - AfterUpdateCompletedImagery-TMap.cs-472
04/17/2022 20:50 -  - AnalyzeElevationData-TMap.cs-408
04/17/2022 20:50 - Warning : No Elevation Data On Level : 15, Trying next zoom level ... 
04/17/2022 20:50 -  - .ctor-TMap.cs-77
04/17/2022 20:50 -  - Initialize-TMap.cs-106
04/17/2022 20:50 -  - UpdateMap-TMap.cs-273
04/17/2022 20:50 -  - UpdateElevationData-TMap.cs-308
04/17/2022 20:50 -  - AfterDataDownloaded-TMap.cs-360
04/17/2022 20:50 -  - AnalyzeElevationData-TMap.cs-408
04/17/2022 20:50 -  - AfterUpdateCompletedElevation-TMap.cs-458
04/17/2022 20:50 -  - WhenAllDone-TMap.cs-496
04/17/2022 20:50 -  - TerrainAnalysis-TTerrain.cs-147
04/17/2022 20:50 -  - RunAllModulesAsync-TTerrain.cs-402
04/17/2022 20:50 -  - RunAllModulesASync-TTerrain.cs-156
04/17/2022 20:50 -  - RunAllModules-TTerrain.cs-170
04/17/2022 20:50 -  - RunGraph-TModules.cs-309
04/17/2022 20:50 -  - GetSequences-TTerraWorldGraph.cs-714
04/17/2022 20:50 -  - GetLastNodes-TTerraWorldGraph.cs-672
04/17/2022 20:50 -  - MakeChain-TTerraWorldGraph.cs-686
04/17/2022 20:50 -  - MakeChain-TTerraWorldGraph.cs-686
04/17/2022 20:50 -  - MakeChain-TTerraWorldGraph.cs-686
04/17/2022 20:50 -  - MakeChain-TTerraWorldGraph.cs-686
04/17/2022 20:50 - Heightmap Source 1 - RunGraph-TModules.cs-333
04/17/2022 20:50 - Smoothen Terrain 1 - RunGraph-TModules.cs-333
04/17/2022 20:50 - Hydraulic Erosion 1 - RunGraph-TModules.cs-333
04/17/2022 20:50 - Global Heightmap 1 - RunGraph-TModules.cs-333
04/17/2022 20:50 - heightmapGraph result : Global Heightmap 1 - RunAllModules-TTerrain.cs-207
04/17/2022 20:50 -  - RunGraph-TModules.cs-309
04/17/2022 20:50 -  - GetSequences-TTerraWorldGraph.cs-714
04/17/2022 20:50 -  - GetLastNodes-TTerraWorldGraph.cs-672
04/17/2022 20:50 -  - RunGraph-TModules.cs-309
04/17/2022 20:50 -  - GetSequences-TTerraWorldGraph.cs-714
04/17/2022 20:50 -  - GetLastNodes-TTerraWorldGraph.cs-672
04/17/2022 20:50 -  - MakeChain-TTerraWorldGraph.cs-686
04/17/2022 20:50 - Satellite Image Source 1 1 - RunGraph-TModules.cs-333
04/17/2022 20:50 - Graph result (Colormap): Satellite Image Source 1 1 - RunAllModules-TTerrain.cs-277
04/17/2022 20:50 -  - RunGraph-TModules.cs-309
04/17/2022 20:50 -  - GetSequences-TTerraWorldGraph.cs-714
04/17/2022 20:50 -  - GetLastNodes-TTerraWorldGraph.cs-672
04/17/2022 20:50 -  - MakeChain-TTerraWorldGraph.cs-686
04/17/2022 20:50 -  - MakeChain-TTerraWorldGraph.cs-686
04/17/2022 20:50 -  - MakeChain-TTerraWorldGraph.cs-686
04/17/2022 20:50 -  - MakeChain-TTerraWorldGraph.cs-686
04/17/2022 20:50 -  - MakeChain-TTerraWorldGraph.cs-686
04/17/2022 20:50 -  - MakeChain-TTerraWorldGraph.cs-686
04/17/2022 20:50 -  - MakeChain-TTerraWorldGraph.cs-686
04/17/2022 20:50 -  - MakeChain-TTerraWorldGraph.cs-686
04/17/2022 20:50 -  - MakeChain-TTerraWorldGraph.cs-686
04/17/2022 20:50 -  - MakeChain-TTerraWorldGraph.cs-686
04/17/2022 20:50 -  - MakeChain-TTerraWorldGraph.cs-686
04/17/2022 20:50 -  - MakeChain-TTerraWorldGraph.cs-686
04/17/2022 20:50 -  - MakeChain-TTerraWorldGraph.cs-686
04/17/2022 20:50 -  - MakeChain-TTerraWorldGraph.cs-686
04/17/2022 20:50 -  - MakeChain-TTerraWorldGraph.cs-686
04/17/2022 20:50 -  - MakeChain-TTerraWorldGraph.cs-686
04/17/2022 20:50 -  - MakeChain-TTerraWorldGraph.cs-686
04/17/2022 20:50 -  - MakeChain-TTerraWorldGraph.cs-686
04/17/2022 20:50 -  - MakeChain-TTerraWorldGraph.cs-686
04/17/2022 20:50 -  - MakeChain-TTerraWorldGraph.cs-686
04/17/2022 20:50 - Slope Filter 1 - RunGraph-TModules.cs-333
04/17/2022 20:50 - Terrain Detail Layer 1 1 - RunGraph-TModules.cs-333
04/17/2022 20:50 - Slope Filter 2 - RunGraph-TModules.cs-333
04/17/2022 20:50 - Terrain Detail Layer 2 2 - RunGraph-TModules.cs-333
04/17/2022 20:50 - Slope Filter 3 - RunGraph-TModules.cs-333
04/17/2022 20:50 - Terrain Detail Layer 3 3 - RunGraph-TModules.cs-333
04/17/2022 20:50 - Slope Filter 4 - RunGraph-TModules.cs-333
04/17/2022 20:50 - Terrain Detail Layer 4 4 - RunGraph-TModules.cs-333
04/17/2022 20:50 - Graph result (DetailTexture): Terrain Detail Layer 1 1 - RunAllModules-TTerrain.cs-312
04/17/2022 20:50 - Graph result (DetailTexture): Terrain Detail Layer 2 2 - RunAllModules-TTerrain.cs-312
04/17/2022 20:50 - Graph result (DetailTexture): Terrain Detail Layer 3 3 - RunAllModules-TTerrain.cs-312
04/17/2022 20:50 - Graph result (DetailTexture): Terrain Detail Layer 4 4 - RunAllModules-TTerrain.cs-312
04/17/2022 20:50 -  - RunGraph-TModules.cs-309
04/17/2022 20:50 -  - GetSequences-TTerraWorldGraph.cs-714
04/17/2022 20:50 -  - GetLastNodes-TTerraWorldGraph.cs-672
04/17/2022 20:50 -  - RunGraph-TModules.cs-309
04/17/2022 20:50 -  - GetSequences-TTerraWorldGraph.cs-714
04/17/2022 20:50 -  - GetLastNodes-TTerraWorldGraph.cs-672
04/17/2022 20:50 -  - RunGraph-TModules.cs-309
04/17/2022 20:50 -  - GetSequences-TTerraWorldGraph.cs-714
04/17/2022 20:50 -  - GetLastNodes-TTerraWorldGraph.cs-672
04/17/2022 20:50 -  - RunGraph-TModules.cs-309
04/17/2022 20:50 -  - GetSequences-TTerraWorldGraph.cs-714
04/17/2022 20:50 -  - GetLastNodes-TTerraWorldGraph.cs-672
04/17/2022 20:50 -  - WhenAllDone-TTerrain.cs-540
04/17/2022 20:50 -  - EachTerrainDone-TTerraWorld.cs-375
04/17/2022 20:50 -  - WhenAllDone-TTerraWorld.cs-384
04/17/2022 20:50 -  - ApplyOnTerrain-TTerrainGenerator.cs-348
04/17/2022 20:50 -  - GenerateTerrain-TTerrainGenerator.cs-369
04/17/2022 20:50 -  - InitializeTerrain-TTerrainGenerator.cs-378
04/17/2022 20:50 -  - SetTerrainMaterialMAIN-TerrainRenderingManager.cs-1210
04/17/2022 20:50 - Generating Terrain - ApplyTerrrain-TTerrainGenerator.cs-442
04/17/2022 20:50 - ApplyLakeOnTerrain - ApplyLakeOnTerrain-TTerrainGenerator.cs-637
04/17/2022 20:50 - UpdateTerrainHeightmap - UpdateTerrainHeightmap-TTerrainGenerator.cs-479
04/17/2022 20:50 - UpdateTerrainImagery - UpdateTerrainImagery-TTerrainGenerator.cs-505
04/17/2022 20:50 - GetColorMap - GetColorMap-TDetailTextureLayer.cs-165
04/17/2022 20:50 - GetAplphaMaps - GetAplphaMaps-TDetailTextureLayer.cs-39
04/17/2022 20:50 - ApplyRiversOnTerrain - ApplyRiversOnTerrain-TTerrainGenerator.cs-820
04/17/2022 20:50 - ApplyGridsOnTerrain - ApplyGridsOnTerrain-TTerrainGenerator.cs-982
04/17/2022 20:50 - ApplyObjectsOnTerrain - ApplyObjectsOnTerrain-TTerrainGenerator.cs-1075
04/17/2022 20:50 - ApplyGrassOnTerrain - ApplyGrassOnTerrain-TTerrainGenerator.cs-1286
04/17/2022 20:50 -  - OnFinished-TTerraworldGenerator.cs-80
04/17/2022 20:50 - CleanUp - CleanUp-TTerraworldGenerator.cs-464
04/17/2022 20:50 -  - ClearMemory-TTerrainGenerator.cs-1482
04/17/2022 20:50 -  - SaveGraph-TTerraWorldGraph.cs-217
04/17/2022 20:50 - Finish! - ApplyRealTimeSettings-TTerraworldGenerator.cs-73
04/17/2022 21:02 -  - SaveGraph-TTerraWorldGraph.cs-217
04/17/2022 21:02 -  - LoadGraph-TTerraWorldGraph.cs-324
04/17/2022 21:02 -  - SaveGraph-TTerraWorldGraph.cs-217
04/17/2022 21:02 -  - ResetGraphsStatus-TTerraWorldGraph.cs-762
04/17/2022 21:02 -  - ResetNodesStatus-TModules.cs-350
04/17/2022 21:02 -  - ResetNodesStatus-TModules.cs-350
04/17/2022 21:02 -  - ResetNodesStatus-TModules.cs-350
04/17/2022 21:02 -  - ResetNodesStatus-TModules.cs-350
04/17/2022 21:02 -  - ResetNodesStatus-TModules.cs-350
04/17/2022 21:02 -  - ResetNodesStatus-TModules.cs-350
04/17/2022 21:02 -  - ResetNodesStatus-TModules.cs-350
04/17/2022 21:02 -  - SaveGraph-TTerraWorldGraph.cs-217
04/17/2022 21:02 -  - LoadGraph-TTerraWorldGraph.cs-324
04/17/2022 21:02 -  - SaveGraph-TTerraWorldGraph.cs-217
04/17/2022 21:02 -  - ResetGraphsStatus-TTerraWorldGraph.cs-762
04/17/2022 21:02 -  - ResetNodesStatus-TModules.cs-350
04/17/2022 21:02 -  - ResetNodesStatus-TModules.cs-350
04/17/2022 21:02 -  - ResetNodesStatus-TModules.cs-350
04/17/2022 21:02 -  - ResetNodesStatus-TModules.cs-350
04/17/2022 21:02 -  - ResetNodesStatus-TModules.cs-350
04/17/2022 21:02 -  - ResetNodesStatus-TModules.cs-350
04/17/2022 21:02 -  - ResetNodesStatus-TModules.cs-350
04/17/2022 21:03 -  - SaveGraph-TTerraWorldGraph.cs-217
04/17/2022 21:03 -  - LoadGraph-TTerraWorldGraph.cs-324
04/17/2022 21:03 -  - SaveGraph-TTerraWorldGraph.cs-217
04/17/2022 21:03 -  - ResetGraphsStatus-TTerraWorldGraph.cs-762
04/17/2022 21:03 -  - ResetNodesStatus-TModules.cs-350
04/17/2022 21:03 -  - ResetNodesStatus-TModules.cs-350
04/17/2022 21:03 -  - ResetNodesStatus-TModules.cs-350
04/17/2022 21:03 -  - ResetNodesStatus-TModules.cs-350
04/17/2022 21:03 -  - ResetNodesStatus-TModules.cs-350
04/17/2022 21:03 -  - ResetNodesStatus-TModules.cs-350
04/17/2022 21:03 -  - ResetNodesStatus-TModules.cs-350
04/17/2022 21:04 -  - SaveGraph-TTerraWorldGraph.cs-217
04/17/2022 21:04 -  - LoadGraph-TTerraWorldGraph.cs-324
04/17/2022 21:04 -  - SaveGraph-TTerraWorldGraph.cs-217
04/17/2022 21:04 -  - ResetGraphsStatus-TTerraWorldGraph.cs-762
04/17/2022 21:04 -  - ResetNodesStatus-TModules.cs-350
04/17/2022 21:04 -  - ResetNodesStatus-TModules.cs-350
04/17/2022 21:04 -  - ResetNodesStatus-TModules.cs-350
04/17/2022 21:04 -  - ResetNodesStatus-TModules.cs-350
04/17/2022 21:04 -  - ResetNodesStatus-TModules.cs-350
04/17/2022 21:04 -  - ResetNodesStatus-TModules.cs-350
04/17/2022 21:04 -  - ResetNodesStatus-TModules.cs-350
04/17/2022 21:07 -  - SaveGraph-TTerraWorldGraph.cs-217
04/17/2022 21:07 -  - LoadGraph-TTerraWorldGraph.cs-324
04/17/2022 21:07 -  - SaveGraph-TTerraWorldGraph.cs-217
04/17/2022 21:07 -  - ResetGraphsStatus-TTerraWorldGraph.cs-762
04/17/2022 21:07 -  - ResetNodesStatus-TModules.cs-350
04/17/2022 21:07 -  - ResetNodesStatus-TModules.cs-350
04/17/2022 21:07 -  - ResetNodesStatus-TModules.cs-350
04/17/2022 21:07 -  - ResetNodesStatus-TModules.cs-350
04/17/2022 21:07 -  - ResetNodesStatus-TModules.cs-350
04/17/2022 21:07 -  - ResetNodesStatus-TModules.cs-350
04/17/2022 21:07 -  - ResetNodesStatus-TModules.cs-350
04/17/2022 21:08 -  - SaveGraph-TTerraWorldGraph.cs-217
04/17/2022 21:09 -  - SaveGraph-TTerraWorldGraph.cs-217
04/17/2022 21:09 -  - SaveGraph-TTerraWorldGraph.cs-217
04/17/2022 21:09 -  - SaveGraph-TTerraWorldGraph.cs-217
04/17/2022 21:09 -  - SaveGraph-TTerraWorldGraph.cs-217
04/17/2022 21:09 -  - SaveGraph-TTerraWorldGraph.cs-217
04/17/2022 21:12 -  - SaveGraph-TTerraWorldGraph.cs-217
04/17/2022 21:12 -  - LoadGraph-TTerraWorldGraph.cs-324
04/17/2022 21:12 -  - SaveGraph-TTerraWorldGraph.cs-217
04/17/2022 21:12 -  - ResetGraphsStatus-TTerraWorldGraph.cs-762
04/17/2022 21:12 -  - ResetNodesStatus-TModules.cs-350
04/17/2022 21:12 -  - ResetNodesStatus-TModules.cs-350
04/17/2022 21:12 -  - ResetNodesStatus-TModules.cs-350
04/17/2022 21:12 -  - ResetNodesStatus-TModules.cs-350
04/17/2022 21:12 -  - ResetNodesStatus-TModules.cs-350
04/17/2022 21:12 -  - ResetNodesStatus-TModules.cs-350
04/17/2022 21:12 -  - ResetNodesStatus-TModules.cs-350
04/18/2022 12:03 -  - LoadGraph-TTerraWorldGraph.cs-324
04/18/2022 12:03 -  - SaveGraph-TTerraWorldGraph.cs-217
04/18/2022 12:03 -  - ResetGraphsStatus-TTerraWorldGraph.cs-762
04/18/2022 12:03 -  - ResetNodesStatus-TModules.cs-350
04/18/2022 12:03 -  - ResetNodesStatus-TModules.cs-350
04/18/2022 12:03 -  - ResetNodesStatus-TModules.cs-350
04/18/2022 12:03 -  - ResetNodesStatus-TModules.cs-350
04/18/2022 12:03 -  - ResetNodesStatus-TModules.cs-350
04/18/2022 12:03 -  - ResetNodesStatus-TModules.cs-350
04/18/2022 12:03 -  - ResetNodesStatus-TModules.cs-350
04/18/2022 12:03 -  - SaveGraph-TTerraWorldGraph.cs-217